{"/workspace/src/config/manager.ts": {"path":"/workspace/src/config/manager.ts","statementMap":{"0":{"start":{"line":1,"column":0},"end":{"line":1,"column":49}},"1":{"start":{"line":2,"column":0},"end":{"line":2,"column":24}},"2":{"start":{"line":3,"column":0},"end":{"line":3,"column":41}},"3":{"start":{"line":6,"column":13},"end":{"line":13,"column":3}},"4":{"start":{"line":16,"column":13},"end":{"line":57,"column":3}},"5":{"start":{"line":67,"column":4},"end":{"line":67,"column":69}},"6":{"start":{"line":68,"column":4},"end":{"line":68,"column":36}},"7":{"start":{"line":72,"column":4},"end":{"line":74,"column":5}},"8":{"start":{"line":73,"column":6},"end":{"line":73,"column":51}},"9":{"start":{"line":75,"column":4},"end":{"line":75,"column":34}},"10":{"start":{"line":79,"column":4},"end":{"line":88,"column":5}},"11":{"start":{"line":80,"column":19},"end":{"line":80,"column":57}},"12":{"start":{"line":81,"column":21},"end":{"line":81,"column":37}},"13":{"start":{"line":82,"column":6},"end":{"line":82,"column":43}},"14":{"start":{"line":84,"column":6},"end":{"line":84,"column":58}},"15":{"start":{"line":85,"column":28},"end":{"line":85,"column":53}},"16":{"start":{"line":86,"column":6},"end":{"line":86,"column":37}},"17":{"start":{"line":87,"column":6},"end":{"line":87,"column":27}},"18":{"start":{"line":92,"column":4},"end":{"line":97,"column":5}},"19":{"start":{"line":93,"column":6},"end":{"line":93,"column":70}},"20":{"start":{"line":94,"column":6},"end":{"line":94,"column":47}},"21":{"start":{"line":96,"column":6},"end":{"line":96,"column":55}},"22":{"start":{"line":101,"column":4},"end":{"line":101,"column":30}},"23":{"start":{"line":105,"column":4},"end":{"line":105,"column":72}},"24":{"start":{"line":106,"column":4},"end":{"line":106,"column":33}},"25":{"start":{"line":107,"column":4},"end":{"line":107,"column":28}},"26":{"start":{"line":111,"column":4},"end":{"line":111,"column":28}},"27":{"start":{"line":115,"column":4},"end":{"line":115,"column":40}},"28":{"start":{"line":120,"column":4},"end":{"line":120,"column":69}},"29":{"start":{"line":125,"column":41},"end":{"line":125,"column":72}},"30":{"start":{"line":126,"column":4},"end":{"line":126,"column":36}},"31":{"start":{"line":131,"column":4},"end":{"line":135,"column":6}},"32":{"start":{"line":140,"column":4},"end":{"line":140,"column":56}},"33":{"start":{"line":140,"column":44},"end":{"line":140,"column":54}},"34":{"start":{"line":144,"column":4},"end":{"line":144,"column":55}},"35":{"start":{"line":144,"column":42},"end":{"line":144,"column":53}},"36":{"start":{"line":148,"column":21},"end":{"line":148,"column":46}},"37":{"start":{"line":149,"column":18},"end":{"line":149,"column":54}},"38":{"start":{"line":149,"column":42},"end":{"line":149,"column":53}},"39":{"start":{"line":150,"column":4},"end":{"line":150,"column":34}},"40":{"start":{"line":150,"column":22},"end":{"line":150,"column":34}},"41":{"start":{"line":152,"column":4},"end":{"line":152,"column":57}},"42":{"start":{"line":153,"column":4},"end":{"line":153,"column":36}},"43":{"start":{"line":154,"column":4},"end":{"line":154,"column":27}},"44":{"start":{"line":158,"column":21},"end":{"line":158,"column":51}},"45":{"start":{"line":159,"column":4},"end":{"line":159,"column":36}},"46":{"start":{"line":160,"column":4},"end":{"line":160,"column":15}},"47":{"start":{"line":164,"column":21},"end":{"line":164,"column":66}},"48":{"start":{"line":164,"column":54},"end":{"line":164,"column":65}},"49":{"start":{"line":165,"column":4},"end":{"line":165,"column":36}},"50":{"start":{"line":170,"column":4},"end":{"line":170,"column":39}},"51":{"start":{"line":175,"column":4},"end":{"line":178,"column":6}},"52":{"start":{"line":182,"column":4},"end":{"line":184,"column":48}},"53":{"start":{"line":61,"column":0},"end":{"line":61,"column":13}}},"fnMap":{"0":{"name":"(anonymous_0)","decl":{"start":{"line":66,"column":2},"end":{"line":66,"column":null}},"loc":{"start":{"line":66,"column":2},"end":{"line":69,"column":3}}},"1":{"name":"(anonymous_1)","decl":{"start":{"line":71,"column":2},"end":{"line":71,"column":8}},"loc":{"start":{"line":71,"column":20},"end":{"line":76,"column":3}}},"2":{"name":"(anonymous_2)","decl":{"start":{"line":78,"column":10},"end":{"line":78,"column":20}},"loc":{"start":{"line":78,"column":20},"end":{"line":89,"column":3}}},"3":{"name":"(anonymous_3)","decl":{"start":{"line":91,"column":10},"end":{"line":91,"column":20}},"loc":{"start":{"line":91,"column":38},"end":{"line":98,"column":3}}},"4":{"name":"(anonymous_4)","decl":{"start":{"line":100,"column":2},"end":{"line":100,"column":11}},"loc":{"start":{"line":100,"column":11},"end":{"line":102,"column":3}}},"5":{"name":"(anonymous_5)","decl":{"start":{"line":104,"column":2},"end":{"line":104,"column":14}},"loc":{"start":{"line":104,"column":42},"end":{"line":108,"column":3}}},"6":{"name":"(anonymous_6)","decl":{"start":{"line":110,"column":2},"end":{"line":110,"column":5}},"loc":{"start":{"line":110,"column":26},"end":{"line":112,"column":3}}},"7":{"name":"(anonymous_7)","decl":{"start":{"line":114,"column":2},"end":{"line":114,"column":5}},"loc":{"start":{"line":114,"column":38},"end":{"line":116,"column":3}}},"8":{"name":"(anonymous_8)","decl":{"start":{"line":119,"column":2},"end":{"line":119,"column":17}},"loc":{"start":{"line":119,"column":17},"end":{"line":121,"column":3}}},"9":{"name":"(anonymous_9)","decl":{"start":{"line":123,"column":10},"end":{"line":123,"column":32}},"loc":{"start":{"line":123,"column":32},"end":{"line":127,"column":3}}},"10":{"name":"(anonymous_10)","decl":{"start":{"line":130,"column":2},"end":{"line":130,"column":16}},"loc":{"start":{"line":130,"column":16},"end":{"line":136,"column":3}}},"11":{"name":"(anonymous_11)","decl":{"start":{"line":139,"column":2},"end":{"line":139,"column":13}},"loc":{"start":{"line":139,"column":13},"end":{"line":141,"column":3}}},"12":{"name":"(anonymous_12)","decl":{"start":{"line":140,"column":39},"end":{"line":140,"column":40}},"loc":{"start":{"line":140,"column":44},"end":{"line":140,"column":54}}},"13":{"name":"(anonymous_13)","decl":{"start":{"line":143,"column":2},"end":{"line":143,"column":12}},"loc":{"start":{"line":143,"column":23},"end":{"line":145,"column":3}}},"14":{"name":"(anonymous_14)","decl":{"start":{"line":144,"column":37},"end":{"line":144,"column":38}},"loc":{"start":{"line":144,"column":42},"end":{"line":144,"column":53}}},"15":{"name":"(anonymous_15)","decl":{"start":{"line":147,"column":2},"end":{"line":147,"column":15}},"loc":{"start":{"line":147,"column":79},"end":{"line":155,"column":3}}},"16":{"name":"(anonymous_16)","decl":{"start":{"line":149,"column":37},"end":{"line":149,"column":38}},"loc":{"start":{"line":149,"column":42},"end":{"line":149,"column":53}}},"17":{"name":"(anonymous_17)","decl":{"start":{"line":157,"column":2},"end":{"line":157,"column":12}},"loc":{"start":{"line":157,"column":51},"end":{"line":161,"column":3}}},"18":{"name":"(anonymous_18)","decl":{"start":{"line":163,"column":2},"end":{"line":163,"column":15}},"loc":{"start":{"line":163,"column":26},"end":{"line":166,"column":3}}},"19":{"name":"(anonymous_19)","decl":{"start":{"line":164,"column":49},"end":{"line":164,"column":50}},"loc":{"start":{"line":164,"column":54},"end":{"line":164,"column":65}}},"20":{"name":"(anonymous_20)","decl":{"start":{"line":169,"column":2},"end":{"line":169,"column":19}},"loc":{"start":{"line":169,"column":19},"end":{"line":171,"column":3}}},"21":{"name":"(anonymous_21)","decl":{"start":{"line":174,"column":2},"end":{"line":174,"column":13}},"loc":{"start":{"line":174,"column":13},"end":{"line":179,"column":3}}},"22":{"name":"(anonymous_22)","decl":{"start":{"line":181,"column":10},"end":{"line":181,"column":34}},"loc":{"start":{"line":181,"column":34},"end":{"line":185,"column":3}}}},"branchMap":{"0":{"loc":{"start":{"line":67,"column":22},"end":{"line":67,"column":68}},"type":"binary-expr","locations":[{"start":{"line":67,"column":22},"end":{"line":67,"column":45}},{"start":{"line":67,"column":49},"end":{"line":67,"column":68}}]},"1":{"loc":{"start":{"line":72,"column":4},"end":{"line":74,"column":5}},"type":"if","locations":[{"start":{"line":72,"column":4},"end":{"line":74,"column":5}}]},"2":{"loc":{"start":{"line":120,"column":11},"end":{"line":120,"column":68}},"type":"binary-expr","locations":[{"start":{"line":120,"column":11},"end":{"line":120,"column":35}},{"start":{"line":120,"column":39},"end":{"line":120,"column":68}}]},"3":{"loc":{"start":{"line":150,"column":4},"end":{"line":150,"column":34}},"type":"if","locations":[{"start":{"line":150,"column":4},"end":{"line":150,"column":34}}]},"4":{"loc":{"start":{"line":176,"column":15},"end":{"line":176,"column":76}},"type":"binary-expr","locations":[{"start":{"line":176,"column":15},"end":{"line":176,"column":41}},{"start":{"line":176,"column":45},"end":{"line":176,"column":76}}]}},"s":{"0":0,"1":0,"2":0,"3":0,"4":0,"5":0,"6":0,"7":0,"8":0,"9":0,"10":0,"11":0,"12":0,"13":0,"14":0,"15":0,"16":0,"17":0,"18":0,"19":0,"20":0,"21":0,"22":0,"23":0,"24":0,"25":0,"26":0,"27":0,"28":0,"29":0,"30":0,"31":0,"32":0,"33":0,"34":0,"35":0,"36":0,"37":0,"38":0,"39":0,"40":0,"41":0,"42":0,"43":0,"44":0,"45":0,"46":0,"47":0,"48":0,"49":0,"50":0,"51":0,"52":0,"53":0},"f":{"0":0,"1":0,"2":0,"3":0,"4":0,"5":0,"6":0,"7":0,"8":0,"9":0,"10":0,"11":0,"12":0,"13":0,"14":0,"15":0,"16":0,"17":0,"18":0,"19":0,"20":0,"21":0,"22":0},"b":{"0":[0,0],"1":[0],"2":[0,0],"3":[0],"4":[0,0]}}
,"/workspace/src/content/provider.ts": {"path":"/workspace/src/content/provider.ts","statementMap":{"0":{"start":{"line":7,"column":0},"end":{"line":7,"column":16}},"1":{"start":{"line":15,"column":0},"end":{"line":15,"column":16}},"2":{"start":{"line":1,"column":0},"end":{"line":1,"column":20}},"3":{"start":{"line":2,"column":0},"end":{"line":2,"column":24}},"4":{"start":{"line":5,"column":0},"end":{"line":5,"column":91}},"5":{"start":{"line":8,"column":2},"end":{"line":11,"column":3}},"6":{"start":{"line":8,"column":15},"end":{"line":8,"column":29}},"7":{"start":{"line":9,"column":14},"end":{"line":9,"column":49}},"8":{"start":{"line":10,"column":4},"end":{"line":10,"column":40}},"9":{"start":{"line":12,"column":2},"end":{"line":12,"column":13}},"10":{"start":{"line":16,"column":19},"end":{"line":16,"column":41}},"11":{"start":{"line":17,"column":14},"end":{"line":17,"column":48}},"12":{"start":{"line":18,"column":15},"end":{"line":18,"column":30}},"13":{"start":{"line":19,"column":17},"end":{"line":19,"column":43}},"14":{"start":{"line":20,"column":2},"end":{"line":22,"column":3}},"15":{"start":{"line":21,"column":4},"end":{"line":21,"column":69}},"16":{"start":{"line":23,"column":17},"end":{"line":33,"column":4}},"17":{"start":{"line":24,"column":4},"end":{"line":24,"column":50}},"18":{"start":{"line":24,"column":37},"end":{"line":24,"column":50}},"19":{"start":{"line":25,"column":4},"end":{"line":25,"column":65}},"20":{"start":{"line":25,"column":52},"end":{"line":25,"column":65}},"21":{"start":{"line":26,"column":4},"end":{"line":26,"column":62}},"22":{"start":{"line":26,"column":49},"end":{"line":26,"column":62}},"23":{"start":{"line":27,"column":4},"end":{"line":27,"column":62}},"24":{"start":{"line":27,"column":49},"end":{"line":27,"column":62}},"25":{"start":{"line":28,"column":4},"end":{"line":32,"column":6}},"26":{"start":{"line":34,"column":2},"end":{"line":34,"column":40}}},"fnMap":{"0":{"name":"shuffleInPlace","decl":{"start":{"line":7,"column":16},"end":{"line":7,"column":30}},"loc":{"start":{"line":7,"column":42},"end":{"line":13,"column":1}}},"1":{"name":"loadPack","decl":{"start":{"line":15,"column":16},"end":{"line":15,"column":24}},"loc":{"start":{"line":15,"column":41},"end":{"line":35,"column":1}}},"2":{"name":"(anonymous_3)","decl":{"start":{"line":23,"column":36},"end":{"line":23,"column":37}},"loc":{"start":{"line":23,"column":42},"end":{"line":33,"column":3}}}},"branchMap":{"0":{"loc":{"start":{"line":20,"column":2},"end":{"line":22,"column":3}},"type":"if","locations":[{"start":{"line":20,"column":2},"end":{"line":22,"column":3}}]},"1":{"loc":{"start":{"line":24,"column":4},"end":{"line":24,"column":50}},"type":"if","locations":[{"start":{"line":24,"column":4},"end":{"line":24,"column":50}}]},"2":{"loc":{"start":{"line":25,"column":4},"end":{"line":25,"column":65}},"type":"if","locations":[{"start":{"line":25,"column":4},"end":{"line":25,"column":65}}]},"3":{"loc":{"start":{"line":26,"column":4},"end":{"line":26,"column":62}},"type":"if","locations":[{"start":{"line":26,"column":4},"end":{"line":26,"column":62}}]},"4":{"loc":{"start":{"line":27,"column":4},"end":{"line":27,"column":62}},"type":"if","locations":[{"start":{"line":27,"column":4},"end":{"line":27,"column":62}}]},"5":{"loc":{"start":{"line":29,"column":6},"end":{"line":31,"column":33}},"type":"binary-expr","locations":[{"start":{"line":29,"column":6},"end":{"line":29,"column":36}},{"start":{"line":30,"column":6},"end":{"line":30,"column":33}},{"start":{"line":31,"column":6},"end":{"line":31,"column":33}}]}},"s":{"0":0,"1":0,"2":0,"3":0,"4":0,"5":0,"6":0,"7":0,"8":0,"9":0,"10":0,"11":0,"12":0,"13":0,"14":0,"15":0,"16":0,"17":0,"18":0,"19":0,"20":0,"21":0,"22":0,"23":0,"24":0,"25":0,"26":0},"f":{"0":0,"1":0,"2":0},"b":{"0":[0],"1":[0],"2":[0],"3":[0],"4":[0],"5":[0,0,0]}}
,"/workspace/src/content/validate.ts": {"path":"/workspace/src/content/validate.ts","statementMap":{"0":{"start":{"line":32,"column":0},"end":{"line":32,"column":16}},"1":{"start":{"line":49,"column":0},"end":{"line":49,"column":16}},"2":{"start":{"line":1,"column":0},"end":{"line":1,"column":24}},"3":{"start":{"line":4,"column":13},"end":{"line":13,"column":3}},"4":{"start":{"line":15,"column":13},"end":{"line":21,"column":3}},"5":{"start":{"line":23,"column":13},"end":{"line":28,"column":3}},"6":{"start":{"line":30,"column":13},"end":{"line":30,"column":60}},"7":{"start":{"line":33,"column":18},"end":{"line":33,"column":81}},"8":{"start":{"line":34,"column":2},"end":{"line":34,"column":37}},"9":{"start":{"line":37,"column":23},"end":{"line":47,"column":2}},"10":{"start":{"line":50,"column":2},"end":{"line":50,"column":53}},"11":{"start":{"line":50,"column":38},"end":{"line":50,"column":51}}},"fnMap":{"0":{"name":"validateDomainsDistinct","decl":{"start":{"line":32,"column":16},"end":{"line":32,"column":39}},"loc":{"start":{"line":32,"column":80},"end":{"line":35,"column":1}}},"1":{"name":"validateNoBannedPatterns","decl":{"start":{"line":49,"column":16},"end":{"line":49,"column":40}},"loc":{"start":{"line":49,"column":53},"end":{"line":51,"column":1}}},"2":{"name":"(anonymous_2)","decl":{"start":{"line":50,"column":30},"end":{"line":50,"column":31}},"loc":{"start":{"line":50,"column":38},"end":{"line":50,"column":51}}}},"branchMap":{},"s":{"0":1,"1":1,"2":1,"3":1,"4":1,"5":1,"6":1,"7":2,"8":2,"9":1,"10":8,"11":34},"f":{"0":2,"1":8,"2":34},"b":{}}
,"/workspace/src/data/sampleRounds.ts": {"path":"/workspace/src/data/sampleRounds.ts","statementMap":{"0":{"start":{"line":4,"column":13},"end":{"line":117,"column":2}}},"fnMap":{},"branchMap":{},"s":{"0":0},"f":{},"b":{}}
,"/workspace/src/db/client.ts": {"path":"/workspace/src/db/client.ts","statementMap":{"0":{"start":{"line":8,"column":0},"end":{"line":8,"column":16}},"1":{"start":{"line":1,"column":0},"end":{"line":1,"column":38}},"2":{"start":{"line":2,"column":0},"end":{"line":2,"column":20}},"3":{"start":{"line":3,"column":0},"end":{"line":3,"column":24}},"4":{"start":{"line":5,"column":16},"end":{"line":5,"column":69}},"5":{"start":{"line":6,"column":20},"end":{"line":6,"column":59}},"6":{"start":{"line":9,"column":13},"end":{"line":9,"column":34}},"7":{"start":{"line":10,"column":17},"end":{"line":10,"column":54}},"8":{"start":{"line":11,"column":2},"end":{"line":11,"column":18}},"9":{"start":{"line":14,"column":20},"end":{"line":14,"column":101}},"10":{"start":{"line":15,"column":15},"end":{"line":15,"column":52}},"11":{"start":{"line":15,"column":44},"end":{"line":15,"column":50}},"12":{"start":{"line":16,"column":2},"end":{"line":18,"column":3}},"13":{"start":{"line":17,"column":4},"end":{"line":17,"column":84}},"14":{"start":{"line":19,"column":2},"end":{"line":22,"column":3}},"15":{"start":{"line":20,"column":4},"end":{"line":20,"column":69}},"16":{"start":{"line":21,"column":4},"end":{"line":21,"column":98}},"17":{"start":{"line":24,"column":2},"end":{"line":24,"column":12}}},"fnMap":{"0":{"name":"openDb","decl":{"start":{"line":8,"column":16},"end":{"line":8,"column":22}},"loc":{"start":{"line":8,"column":22},"end":{"line":25,"column":1}}},"1":{"name":"(anonymous_2)","decl":{"start":{"line":15,"column":37},"end":{"line":15,"column":38}},"loc":{"start":{"line":15,"column":44},"end":{"line":15,"column":50}}}},"branchMap":{"0":{"loc":{"start":{"line":5,"column":16},"end":{"line":5,"column":69}},"type":"binary-expr","locations":[{"start":{"line":5,"column":16},"end":{"line":5,"column":35}},{"start":{"line":5,"column":39},"end":{"line":5,"column":69}}]},"1":{"loc":{"start":{"line":16,"column":2},"end":{"line":18,"column":3}},"type":"if","locations":[{"start":{"line":16,"column":2},"end":{"line":18,"column":3}}]},"2":{"loc":{"start":{"line":19,"column":2},"end":{"line":22,"column":3}},"type":"if","locations":[{"start":{"line":19,"column":2},"end":{"line":22,"column":3}}]}},"s":{"0":0,"1":0,"2":0,"3":0,"4":0,"5":0,"6":0,"7":0,"8":0,"9":0,"10":0,"11":0,"12":0,"13":0,"14":0,"15":0,"16":0,"17":0},"f":{"0":0,"1":0},"b":{"0":[0,0],"1":[0],"2":[0]}}
,"/workspace/src/db/feedback.ts": {"path":"/workspace/src/db/feedback.ts","statementMap":{"0":{"start":{"line":3,"column":0},"end":{"line":3,"column":16}},"1":{"start":{"line":4,"column":15},"end":{"line":7,"column":null}},"2":{"start":{"line":9,"column":2},"end":{"line":9,"column":70}}},"fnMap":{"0":{"name":"saveRoundFeedback","decl":{"start":{"line":3,"column":16},"end":{"line":3,"column":33}},"loc":{"start":{"line":3,"column":137},"end":{"line":10,"column":1}}}},"branchMap":{"0":{"loc":{"start":{"line":9,"column":36},"end":{"line":9,"column":50}},"type":"binary-expr","locations":[{"start":{"line":9,"column":36},"end":{"line":9,"column":42}},{"start":{"line":9,"column":46},"end":{"line":9,"column":50}}]},"1":{"loc":{"start":{"line":9,"column":52},"end":{"line":9,"column":68}},"type":"binary-expr","locations":[{"start":{"line":9,"column":52},"end":{"line":9,"column":60}},{"start":{"line":9,"column":64},"end":{"line":9,"column":68}}]}},"s":{"0":0,"1":0,"2":0},"f":{"0":0},"b":{"0":[0,0],"1":[0,0]}}
,"/workspace/src/db/quality.ts": {"path":"/workspace/src/db/quality.ts","statementMap":{"0":{"start":{"line":3,"column":0},"end":{"line":3,"column":16}},"1":{"start":{"line":16,"column":0},"end":{"line":16,"column":16}},"2":{"start":{"line":31,"column":0},"end":{"line":31,"column":16}},"3":{"start":{"line":5,"column":2},"end":{"line":13,"column":5}},"4":{"start":{"line":18,"column":2},"end":{"line":28,"column":5}},"5":{"start":{"line":32,"column":17},"end":{"line":37,"column":72}},"6":{"start":{"line":39,"column":16},"end":{"line":45,"column":83}},"7":{"start":{"line":47,"column":2},"end":{"line":47,"column":27}}},"fnMap":{"0":{"name":"recomputeFactRatings","decl":{"start":{"line":3,"column":16},"end":{"line":3,"column":36}},"loc":{"start":{"line":3,"column":43},"end":{"line":14,"column":1}}},"1":{"name":"quarantineLowQualityFacts","decl":{"start":{"line":16,"column":16},"end":{"line":16,"column":41}},"loc":{"start":{"line":16,"column":98},"end":{"line":29,"column":1}}},"2":{"name":"getQualityReport","decl":{"start":{"line":31,"column":16},"end":{"line":31,"column":32}},"loc":{"start":{"line":31,"column":39},"end":{"line":48,"column":1}}}},"branchMap":{"0":{"loc":{"start":{"line":16,"column":50},"end":{"line":16,"column":72}},"type":"default-arg","locations":[{"start":{"line":16,"column":71},"end":{"line":16,"column":72}}]},"1":{"loc":{"start":{"line":16,"column":74},"end":{"line":16,"column":98}},"type":"default-arg","locations":[{"start":{"line":16,"column":95},"end":{"line":16,"column":98}}]}},"s":{"0":0,"1":0,"2":0,"3":0,"4":0,"5":0,"6":0,"7":0},"f":{"0":0,"1":0,"2":0},"b":{"0":[0],"1":[0]}}
,"/workspace/src/db/repository.ts": {"path":"/workspace/src/db/repository.ts","statementMap":{"0":{"start":{"line":3,"column":0},"end":{"line":3,"column":41}},"1":{"start":{"line":30,"column":22},"end":{"line":30,"column":43}},"2":{"start":{"line":33,"column":16},"end":{"line":43,"column":21}},"3":{"start":{"line":45,"column":4},"end":{"line":45,"column":26}},"4":{"start":{"line":45,"column":14},"end":{"line":45,"column":26}},"5":{"start":{"line":47,"column":4},"end":{"line":52,"column":6}},"6":{"start":{"line":56,"column":17},"end":{"line":66,"column":27}},"7":{"start":{"line":68,"column":4},"end":{"line":73,"column":8}},"8":{"start":{"line":68,"column":28},"end":{"line":73,"column":6}},"9":{"start":{"line":77,"column":24},"end":{"line":77,"column":56}},"10":{"start":{"line":78,"column":24},"end":{"line":78,"column":73}},"11":{"start":{"line":80,"column":22},"end":{"line":93,"column":6}},"12":{"start":{"line":95,"column":18},"end":{"line":97,"column":48}},"13":{"start":{"line":96,"column":67},"end":{"line":96,"column":70}},"14":{"start":{"line":99,"column":19},"end":{"line":99,"column":111}},"15":{"start":{"line":100,"column":16},"end":{"line":100,"column":60}},"16":{"start":{"line":102,"column":4},"end":{"line":105,"column":5}},"17":{"start":{"line":103,"column":6},"end":{"line":103,"column":97}},"18":{"start":{"line":104,"column":6},"end":{"line":104,"column":18}},"19":{"start":{"line":107,"column":4},"end":{"line":113,"column":6}},"20":{"start":{"line":118,"column":4},"end":{"line":118,"column":55}},"21":{"start":{"line":122,"column":23},"end":{"line":125,"column":6}},"22":{"start":{"line":127,"column":18},"end":{"line":127,"column":40}},"23":{"start":{"line":128,"column":4},"end":{"line":128,"column":23}},"24":{"start":{"line":128,"column":16},"end":{"line":128,"column":23}},"25":{"start":{"line":130,"column":22},"end":{"line":134,"column":6}},"26":{"start":{"line":136,"column":24},"end":{"line":143,"column":6}},"27":{"start":{"line":137,"column":6},"end":{"line":137,"column":65}},"28":{"start":{"line":138,"column":6},"end":{"line":138,"column":62}},"29":{"start":{"line":139,"column":6},"end":{"line":139,"column":62}},"30":{"start":{"line":140,"column":6},"end":{"line":140,"column":39}},"31":{"start":{"line":141,"column":6},"end":{"line":141,"column":36}},"32":{"start":{"line":142,"column":6},"end":{"line":142,"column":36}},"33":{"start":{"line":145,"column":4},"end":{"line":145,"column":18}},"34":{"start":{"line":149,"column":4},"end":{"line":149,"column":80}},"35":{"start":{"line":153,"column":17},"end":{"line":159,"column":49}},"36":{"start":{"line":161,"column":4},"end":{"line":161,"column":35}},"37":{"start":{"line":161,"column":25},"end":{"line":161,"column":33}},"38":{"start":{"line":29,"column":0},"end":{"line":29,"column":13}},"39":{"start":{"line":166,"column":22},"end":{"line":166,"column":43}},"40":{"start":{"line":169,"column":4},"end":{"line":175,"column":5}},"41":{"start":{"line":170,"column":6},"end":{"line":174,"column":38}},"42":{"start":{"line":177,"column":4},"end":{"line":183,"column":5}},"43":{"start":{"line":178,"column":6},"end":{"line":182,"column":40}},"44":{"start":{"line":185,"column":4},"end":{"line":185,"column":81}},"45":{"start":{"line":189,"column":19},"end":{"line":193,"column":52}},"46":{"start":{"line":195,"column":4},"end":{"line":195,"column":29}},"47":{"start":{"line":199,"column":17},"end":{"line":204,"column":69}},"48":{"start":{"line":206,"column":42},"end":{"line":206,"column":44}},"49":{"start":{"line":207,"column":4},"end":{"line":209,"column":5}},"50":{"start":{"line":208,"column":6},"end":{"line":208,"column":47}},"51":{"start":{"line":211,"column":4},"end":{"line":211,"column":17}},"52":{"start":{"line":165,"column":0},"end":{"line":165,"column":13}}},"fnMap":{"0":{"name":"(anonymous_0)","decl":{"start":{"line":30,"column":2},"end":{"line":30,"column":22}},"loc":{"start":{"line":30,"column":43},"end":{"line":30,"column":47}}},"1":{"name":"(anonymous_1)","decl":{"start":{"line":32,"column":2},"end":{"line":32,"column":10}},"loc":{"start":{"line":32,"column":21},"end":{"line":53,"column":3}}},"2":{"name":"(anonymous_2)","decl":{"start":{"line":55,"column":2},"end":{"line":55,"column":14}},"loc":{"start":{"line":55,"column":29},"end":{"line":74,"column":3}}},"3":{"name":"(anonymous_3)","decl":{"start":{"line":68,"column":20},"end":{"line":68,"column":23}},"loc":{"start":{"line":68,"column":28},"end":{"line":73,"column":6}}},"4":{"name":"(anonymous_4)","decl":{"start":{"line":76,"column":2},"end":{"line":76,"column":17}},"loc":{"start":{"line":76,"column":58},"end":{"line":114,"column":3}}},"5":{"name":"(anonymous_5)","decl":{"start":{"line":96,"column":61},"end":{"line":96,"column":64}},"loc":{"start":{"line":96,"column":67},"end":{"line":96,"column":70}}},"6":{"name":"(anonymous_6)","decl":{"start":{"line":116,"column":2},"end":{"line":116,"column":6}},"loc":{"start":{"line":116,"column":25},"end":{"line":119,"column":3}}},"7":{"name":"(anonymous_7)","decl":{"start":{"line":121,"column":2},"end":{"line":121,"column":12}},"loc":{"start":{"line":121,"column":60},"end":{"line":146,"column":3}}},"8":{"name":"(anonymous_8)","decl":{"start":{"line":136,"column":44},"end":{"line":136,"column":47}},"loc":{"start":{"line":136,"column":49},"end":{"line":143,"column":5}}},"9":{"name":"(anonymous_9)","decl":{"start":{"line":148,"column":2},"end":{"line":148,"column":16}},"loc":{"start":{"line":148,"column":32},"end":{"line":150,"column":3}}},"10":{"name":"(anonymous_10)","decl":{"start":{"line":152,"column":2},"end":{"line":152,"column":16}},"loc":{"start":{"line":152,"column":51},"end":{"line":162,"column":3}}},"11":{"name":"(anonymous_11)","decl":{"start":{"line":161,"column":20},"end":{"line":161,"column":21}},"loc":{"start":{"line":161,"column":25},"end":{"line":161,"column":33}}},"12":{"name":"(anonymous_12)","decl":{"start":{"line":166,"column":2},"end":{"line":166,"column":22}},"loc":{"start":{"line":166,"column":43},"end":{"line":166,"column":47}}},"13":{"name":"(anonymous_13)","decl":{"start":{"line":168,"column":2},"end":{"line":168,"column":6}},"loc":{"start":{"line":168,"column":90},"end":{"line":186,"column":3}}},"14":{"name":"(anonymous_14)","decl":{"start":{"line":188,"column":2},"end":{"line":188,"column":18}},"loc":{"start":{"line":188,"column":34},"end":{"line":196,"column":3}}},"15":{"name":"(anonymous_15)","decl":{"start":{"line":198,"column":2},"end":{"line":198,"column":18}},"loc":{"start":{"line":198,"column":34},"end":{"line":212,"column":3}}}},"branchMap":{"0":{"loc":{"start":{"line":45,"column":4},"end":{"line":45,"column":26}},"type":"if","locations":[{"start":{"line":45,"column":4},"end":{"line":45,"column":26}}]},"1":{"loc":{"start":{"line":95,"column":18},"end":{"line":97,"column":48}},"type":"cond-expr","locations":[{"start":{"line":96,"column":8},"end":{"line":96,"column":110}},{"start":{"line":97,"column":8},"end":{"line":97,"column":48}}]},"2":{"loc":{"start":{"line":99,"column":19},"end":{"line":99,"column":111}},"type":"cond-expr","locations":[{"start":{"line":99,"column":44},"end":{"line":99,"column":84}},{"start":{"line":99,"column":87},"end":{"line":99,"column":111}}]},"3":{"loc":{"start":{"line":102,"column":4},"end":{"line":105,"column":5}},"type":"if","locations":[{"start":{"line":102,"column":4},"end":{"line":105,"column":5}}]},"4":{"loc":{"start":{"line":128,"column":4},"end":{"line":128,"column":23}},"type":"if","locations":[{"start":{"line":128,"column":4},"end":{"line":128,"column":23}}]},"5":{"loc":{"start":{"line":152,"column":33},"end":{"line":152,"column":51}},"type":"default-arg","locations":[{"start":{"line":152,"column":49},"end":{"line":152,"column":51}}]},"6":{"loc":{"start":{"line":169,"column":4},"end":{"line":175,"column":5}},"type":"if","locations":[{"start":{"line":169,"column":4},"end":{"line":175,"column":5}}]},"7":{"loc":{"start":{"line":169,"column":8},"end":{"line":169,"column":47}},"type":"binary-expr","locations":[{"start":{"line":169,"column":8},"end":{"line":169,"column":23}},{"start":{"line":169,"column":27},"end":{"line":169,"column":47}}]},"8":{"loc":{"start":{"line":177,"column":4},"end":{"line":183,"column":5}},"type":"if","locations":[{"start":{"line":177,"column":4},"end":{"line":183,"column":5}}]}},"s":{"0":0,"1":0,"2":0,"3":0,"4":0,"5":0,"6":0,"7":0,"8":0,"9":0,"10":0,"11":0,"12":0,"13":0,"14":0,"15":0,"16":0,"17":0,"18":0,"19":0,"20":0,"21":0,"22":0,"23":0,"24":0,"25":0,"26":0,"27":0,"28":0,"29":0,"30":0,"31":0,"32":0,"33":0,"34":0,"35":0,"36":0,"37":0,"38":0,"39":0,"40":0,"41":0,"42":0,"43":0,"44":0,"45":0,"46":0,"47":0,"48":0,"49":0,"50":0,"51":0,"52":0},"f":{"0":0,"1":0,"2":0,"3":0,"4":0,"5":0,"6":0,"7":0,"8":0,"9":0,"10":0,"11":0,"12":0,"13":0,"14":0,"15":0},"b":{"0":[0],"1":[0,0],"2":[0,0],"3":[0],"4":[0],"5":[0],"6":[0],"7":[0,0],"8":[0]}}
,"/workspace/src/db/rounds.ts": {"path":"/workspace/src/db/rounds.ts","statementMap":{"0":{"start":{"line":4,"column":0},"end":{"line":4,"column":16}},"1":{"start":{"line":5,"column":14},"end":{"line":15,"column":23}},"2":{"start":{"line":16,"column":2},"end":{"line":16,"column":24}},"3":{"start":{"line":16,"column":12},"end":{"line":16,"column":24}},"4":{"start":{"line":17,"column":30},"end":{"line":40,"column":4}},"5":{"start":{"line":41,"column":2},"end":{"line":41,"column":16}}},"fnMap":{"0":{"name":"getRoundBundleById","decl":{"start":{"line":4,"column":16},"end":{"line":4,"column":34}},"loc":{"start":{"line":4,"column":58},"end":{"line":42,"column":1}}}},"branchMap":{"0":{"loc":{"start":{"line":16,"column":2},"end":{"line":16,"column":24}},"type":"if","locations":[{"start":{"line":16,"column":2},"end":{"line":16,"column":24}}]},"1":{"loc":{"start":{"line":24,"column":17},"end":{"line":24,"column":39}},"type":"binary-expr","locations":[{"start":{"line":24,"column":17},"end":{"line":24,"column":26}},{"start":{"line":24,"column":30},"end":{"line":24,"column":39}}]},"2":{"loc":{"start":{"line":31,"column":17},"end":{"line":31,"column":40}},"type":"binary-expr","locations":[{"start":{"line":31,"column":17},"end":{"line":31,"column":27}},{"start":{"line":31,"column":31},"end":{"line":31,"column":40}}]},"3":{"loc":{"start":{"line":38,"column":17},"end":{"line":38,"column":40}},"type":"binary-expr","locations":[{"start":{"line":38,"column":17},"end":{"line":38,"column":27}},{"start":{"line":38,"column":31},"end":{"line":38,"column":40}}]}},"s":{"0":0,"1":0,"2":0,"3":0,"4":0,"5":0},"f":{"0":0},"b":{"0":[0],"1":[0,0],"2":[0,0],"3":[0,0]}}
,"/workspace/src/db/selector.ts": {"path":"/workspace/src/db/selector.ts","statementMap":{"0":{"start":{"line":8,"column":0},"end":{"line":8,"column":16}},"1":{"start":{"line":49,"column":0},"end":{"line":49,"column":16}},"2":{"start":{"line":10,"column":22},"end":{"line":10,"column":39}},"3":{"start":{"line":11,"column":19},"end":{"line":11,"column":79}},"4":{"start":{"line":12,"column":2},"end":{"line":12,"column":114}},"5":{"start":{"line":12,"column":86},"end":{"line":12,"column":114}},"6":{"start":{"line":15,"column":19},"end":{"line":43,"column":4}},"7":{"start":{"line":44,"column":16},"end":{"line":44,"column":88}},"8":{"start":{"line":45,"column":2},"end":{"line":45,"column":26}},"9":{"start":{"line":45,"column":14},"end":{"line":45,"column":26}},"10":{"start":{"line":46,"column":2},"end":{"line":46,"column":15}},"11":{"start":{"line":50,"column":15},"end":{"line":51,"column":null}},"12":{"start":{"line":53,"column":2},"end":{"line":53,"column":36}}},"fnMap":{"0":{"name":"selectNextRound","decl":{"start":{"line":8,"column":16},"end":{"line":8,"column":31}},"loc":{"start":{"line":8,"column":54},"end":{"line":47,"column":1}}},"1":{"name":"markRoundSeen","decl":{"start":{"line":49,"column":16},"end":{"line":49,"column":29}},"loc":{"start":{"line":49,"column":85},"end":{"line":54,"column":1}}}},"branchMap":{"0":{"loc":{"start":{"line":45,"column":2},"end":{"line":45,"column":26}},"type":"if","locations":[{"start":{"line":45,"column":2},"end":{"line":45,"column":26}}]}},"s":{"0":0,"1":0,"2":0,"3":0,"4":0,"5":0,"6":0,"7":0,"8":0,"9":0,"10":0,"11":0,"12":0},"f":{"0":0,"1":0},"b":{"0":[0]}}
,"/workspace/src/db/upsert.ts": {"path":"/workspace/src/db/upsert.ts","statementMap":{"0":{"start":{"line":23,"column":0},"end":{"line":23,"column":16}},"1":{"start":{"line":3,"column":0},"end":{"line":3,"column":42}},"2":{"start":{"line":6,"column":14},"end":{"line":6,"column":118}},"3":{"start":{"line":7,"column":2},"end":{"line":7,"column":25}},"4":{"start":{"line":11,"column":15},"end":{"line":11,"column":94}},"5":{"start":{"line":12,"column":21},"end":{"line":12,"column":46}},"6":{"start":{"line":13,"column":17},"end":{"line":13,"column":38}},"7":{"start":{"line":14,"column":15},"end":{"line":17,"column":null}},"8":{"start":{"line":19,"column":2},"end":{"line":19,"column":86}},"9":{"start":{"line":20,"column":2},"end":{"line":20,"column":16}},"10":{"start":{"line":24,"column":14},"end":{"line":24,"column":52}},"11":{"start":{"line":25,"column":15},"end":{"line":25,"column":50}},"12":{"start":{"line":26,"column":15},"end":{"line":26,"column":50}},"13":{"start":{"line":27,"column":18},"end":{"line":27,"column":44}},"14":{"start":{"line":28,"column":21},"end":{"line":28,"column":109}},"15":{"start":{"line":29,"column":18},"end":{"line":29,"column":71}},"16":{"start":{"line":30,"column":15},"end":{"line":33,"column":null}},"17":{"start":{"line":35,"column":2},"end":{"line":35,"column":60}},"18":{"start":{"line":36,"column":2},"end":{"line":36,"column":17}}},"fnMap":{"0":{"name":"getFactIdByHash","decl":{"start":{"line":5,"column":9},"end":{"line":5,"column":24}},"loc":{"start":{"line":5,"column":45},"end":{"line":8,"column":1}}},"1":{"name":"insertOrUpdateFact","decl":{"start":{"line":10,"column":9},"end":{"line":10,"column":27}},"loc":{"start":{"line":10,"column":123},"end":{"line":21,"column":1}}},"2":{"name":"ensureFactsAndRound","decl":{"start":{"line":23,"column":16},"end":{"line":23,"column":35}},"loc":{"start":{"line":23,"column":62},"end":{"line":37,"column":1}}}},"branchMap":{"0":{"loc":{"start":{"line":7,"column":9},"end":{"line":7,"column":24}},"type":"binary-expr","locations":[{"start":{"line":7,"column":9},"end":{"line":7,"column":16}},{"start":{"line":7,"column":20},"end":{"line":7,"column":24}}]},"1":{"loc":{"start":{"line":11,"column":71},"end":{"line":11,"column":91}},"type":"binary-expr","locations":[{"start":{"line":11,"column":71},"end":{"line":11,"column":85}},{"start":{"line":11,"column":89},"end":{"line":11,"column":91}}]},"2":{"loc":{"start":{"line":13,"column":17},"end":{"line":13,"column":38}},"type":"binary-expr","locations":[{"start":{"line":13,"column":17},"end":{"line":13,"column":27}},{"start":{"line":13,"column":31},"end":{"line":13,"column":38}}]},"3":{"loc":{"start":{"line":19,"column":56},"end":{"line":19,"column":78}},"type":"binary-expr","locations":[{"start":{"line":19,"column":56},"end":{"line":19,"column":70}},{"start":{"line":19,"column":74},"end":{"line":19,"column":78}}]},"4":{"loc":{"start":{"line":29,"column":18},"end":{"line":29,"column":71}},"type":"cond-expr","locations":[{"start":{"line":29,"column":38},"end":{"line":29,"column":64}},{"start":{"line":29,"column":67},"end":{"line":29,"column":71}}]}},"s":{"0":0,"1":0,"2":0,"3":0,"4":0,"5":0,"6":0,"7":0,"8":0,"9":0,"10":0,"11":0,"12":0,"13":0,"14":0,"15":0,"16":0,"17":0,"18":0},"f":{"0":0,"1":0,"2":0},"b":{"0":[0,0],"1":[0,0],"2":[0,0],"3":[0,0],"4":[0,0]}}
,"/workspace/src/generation/generator.ts": {"path":"/workspace/src/generation/generator.ts","statementMap":{"0":{"start":{"line":63,"column":0},"end":{"line":63,"column":7}},"1":{"start":{"line":1,"column":0},"end":{"line":1,"column":28}},"2":{"start":{"line":2,"column":0},"end":{"line":2,"column":24}},"3":{"start":{"line":4,"column":0},"end":{"line":4,"column":106}},"4":{"start":{"line":5,"column":0},"end":{"line":5,"column":50}},"5":{"start":{"line":7,"column":16},"end":{"line":11,"column":2}},"6":{"start":{"line":13,"column":24},"end":{"line":18,"column":2}},"7":{"start":{"line":29,"column":17},"end":{"line":29,"column":77}},"8":{"start":{"line":30,"column":18},"end":{"line":30,"column":79}},"9":{"start":{"line":31,"column":2},"end":{"line":31,"column":98}},"10":{"start":{"line":31,"column":15},"end":{"line":31,"column":98}},"11":{"start":{"line":32,"column":49},"end":{"line":32,"column":51}},"12":{"start":{"line":33,"column":2},"end":{"line":33,"column":102}},"13":{"start":{"line":33,"column":38},"end":{"line":33,"column":102}},"14":{"start":{"line":34,"column":2},"end":{"line":34,"column":93}},"15":{"start":{"line":34,"column":36},"end":{"line":34,"column":93}},"16":{"start":{"line":35,"column":2},"end":{"line":35,"column":57}},"17":{"start":{"line":39,"column":31},"end":{"line":39,"column":33}},"18":{"start":{"line":40,"column":21},"end":{"line":40,"column":84}},"19":{"start":{"line":41,"column":2},"end":{"line":41,"column":30}},"20":{"start":{"line":43,"column":2},"end":{"line":45,"column":3}},"21":{"start":{"line":44,"column":4},"end":{"line":44,"column":61}},"22":{"start":{"line":46,"column":2},"end":{"line":46,"column":20}},"23":{"start":{"line":50,"column":2},"end":{"line":57,"column":3}},"24":{"start":{"line":56,"column":4},"end":{"line":56,"column":48}},"25":{"start":{"line":58,"column":2},"end":{"line":60,"column":3}},"26":{"start":{"line":59,"column":4},"end":{"line":59,"column":47}},"27":{"start":{"line":64,"column":17},"end":{"line":64,"column":44}},"28":{"start":{"line":67,"column":17},"end":{"line":67,"column":45}},"29":{"start":{"line":69,"column":2},"end":{"line":73,"column":3}},"30":{"start":{"line":71,"column":36},"end":{"line":71,"column":67}},"31":{"start":{"line":72,"column":4},"end":{"line":72,"column":40}},"32":{"start":{"line":76,"column":22},"end":{"line":76,"column":45}},"33":{"start":{"line":78,"column":22},"end":{"line":78,"column":68}},"34":{"start":{"line":79,"column":22},"end":{"line":79,"column":68}},"35":{"start":{"line":80,"column":17},"end":{"line":80,"column":28}},"36":{"start":{"line":82,"column":17},"end":{"line":82,"column":73}},"37":{"start":{"line":83,"column":23},"end":{"line":83,"column":27}},"38":{"start":{"line":85,"column":2},"end":{"line":110,"column":3}},"39":{"start":{"line":86,"column":4},"end":{"line":109,"column":5}},"40":{"start":{"line":86,"column":23},"end":{"line":86,"column":24}},"41":{"start":{"line":87,"column":6},"end":{"line":108,"column":7}},"42":{"start":{"line":88,"column":27},"end":{"line":96,"column":10}},"43":{"start":{"line":98,"column":24},"end":{"line":98,"column":69}},"44":{"start":{"line":99,"column":23},"end":{"line":99,"column":42}},"45":{"start":{"line":100,"column":22},"end":{"line":100,"column":55}},"46":{"start":{"line":101,"column":8},"end":{"line":101,"column":84}},"47":{"start":{"line":101,"column":28},"end":{"line":101,"column":84}},"48":{"start":{"line":103,"column":8},"end":{"line":103,"column":38}},"49":{"start":{"line":104,"column":8},"end":{"line":104,"column":26}},"50":{"start":{"line":106,"column":8},"end":{"line":106,"column":22}},"51":{"start":{"line":112,"column":2},"end":{"line":112,"column":83}}},"fnMap":{"0":{"name":"getClient","decl":{"start":{"line":28,"column":9},"end":{"line":28,"column":18}},"loc":{"start":{"line":28,"column":18},"end":{"line":36,"column":1}}},"1":{"name":"buildModelCandidates","decl":{"start":{"line":38,"column":9},"end":{"line":38,"column":29}},"loc":{"start":{"line":38,"column":46},"end":{"line":47,"column":1}}},"2":{"name":"validateGenerated","decl":{"start":{"line":49,"column":9},"end":{"line":49,"column":26}},"loc":{"start":{"line":49,"column":46},"end":{"line":61,"column":1}}},"3":{"name":"generateOneRound","decl":{"start":{"line":63,"column":22},"end":{"line":63,"column":38}},"loc":{"start":{"line":63,"column":69},"end":{"line":113,"column":1}}},"4":{"name":"(anonymous_14)","decl":{"start":{"line":71,"column":36},"end":{"line":71,"column":49}},"loc":{"start":{"line":71,"column":36},"end":{"line":71,"column":67}}}},"branchMap":{"0":{"loc":{"start":{"line":29,"column":17},"end":{"line":29,"column":77}},"type":"binary-expr","locations":[{"start":{"line":29,"column":17},"end":{"line":29,"column":47}},{"start":{"line":29,"column":51},"end":{"line":29,"column":77}}]},"1":{"loc":{"start":{"line":30,"column":18},"end":{"line":30,"column":79}},"type":"binary-expr","locations":[{"start":{"line":30,"column":18},"end":{"line":30,"column":45}},{"start":{"line":30,"column":49},"end":{"line":30,"column":79}}]},"2":{"loc":{"start":{"line":31,"column":2},"end":{"line":31,"column":98}},"type":"if","locations":[{"start":{"line":31,"column":2},"end":{"line":31,"column":98}}]},"3":{"loc":{"start":{"line":33,"column":2},"end":{"line":33,"column":102}},"type":"if","locations":[{"start":{"line":33,"column":2},"end":{"line":33,"column":102}}]},"4":{"loc":{"start":{"line":34,"column":2},"end":{"line":34,"column":93}},"type":"if","locations":[{"start":{"line":34,"column":2},"end":{"line":34,"column":93}}]},"5":{"loc":{"start":{"line":40,"column":21},"end":{"line":40,"column":84}},"type":"binary-expr","locations":[{"start":{"line":40,"column":21},"end":{"line":40,"column":28}},{"start":{"line":40,"column":32},"end":{"line":40,"column":56}},{"start":{"line":40,"column":60},"end":{"line":40,"column":84}}]},"6":{"loc":{"start":{"line":43,"column":2},"end":{"line":45,"column":3}},"type":"if","locations":[{"start":{"line":43,"column":2},"end":{"line":45,"column":3}}]},"7":{"loc":{"start":{"line":50,"column":2},"end":{"line":57,"column":3}},"type":"if","locations":[{"start":{"line":50,"column":2},"end":{"line":57,"column":3}}]},"8":{"loc":{"start":{"line":58,"column":2},"end":{"line":60,"column":3}},"type":"if","locations":[{"start":{"line":58,"column":2},"end":{"line":60,"column":3}}]},"9":{"loc":{"start":{"line":58,"column":6},"end":{"line":58,"column":140}},"type":"binary-expr","locations":[{"start":{"line":58,"column":6},"end":{"line":58,"column":50}},{"start":{"line":58,"column":54},"end":{"line":58,"column":95}},{"start":{"line":58,"column":99},"end":{"line":58,"column":140}}]},"10":{"loc":{"start":{"line":63,"column":39},"end":{"line":63,"column":69}},"type":"default-arg","locations":[{"start":{"line":63,"column":67},"end":{"line":63,"column":69}}]},"11":{"loc":{"start":{"line":67,"column":17},"end":{"line":67,"column":45}},"type":"binary-expr","locations":[{"start":{"line":67,"column":17},"end":{"line":67,"column":37}},{"start":{"line":67,"column":41},"end":{"line":67,"column":45}}]},"12":{"loc":{"start":{"line":69,"column":2},"end":{"line":73,"column":3}},"type":"if","locations":[{"start":{"line":69,"column":2},"end":{"line":73,"column":3}}]},"13":{"loc":{"start":{"line":78,"column":22},"end":{"line":78,"column":68}},"type":"binary-expr","locations":[{"start":{"line":78,"column":22},"end":{"line":78,"column":41}},{"start":{"line":78,"column":45},"end":{"line":78,"column":68}}]},"14":{"loc":{"start":{"line":79,"column":22},"end":{"line":79,"column":68}},"type":"binary-expr","locations":[{"start":{"line":79,"column":22},"end":{"line":79,"column":41}},{"start":{"line":79,"column":45},"end":{"line":79,"column":68}}]},"15":{"loc":{"start":{"line":82,"column":38},"end":{"line":82,"column":72}},"type":"binary-expr","locations":[{"start":{"line":82,"column":38},"end":{"line":82,"column":51}},{"start":{"line":82,"column":55},"end":{"line":82,"column":72}}]},"16":{"loc":{"start":{"line":98,"column":24},"end":{"line":98,"column":69}},"type":"binary-expr","locations":[{"start":{"line":98,"column":24},"end":{"line":98,"column":63}},{"start":{"line":98,"column":67},"end":{"line":98,"column":69}}]},"17":{"loc":{"start":{"line":101,"column":8},"end":{"line":101,"column":84}},"type":"if","locations":[{"start":{"line":101,"column":8},"end":{"line":101,"column":84}}]},"18":{"loc":{"start":{"line":112,"column":43},"end":{"line":112,"column":80}},"type":"binary-expr","locations":[{"start":{"line":112,"column":43},"end":{"line":112,"column":61}},{"start":{"line":112,"column":65},"end":{"line":112,"column":80}}]}},"s":{"0":0,"1":0,"2":0,"3":0,"4":0,"5":0,"6":0,"7":0,"8":0,"9":0,"10":0,"11":0,"12":0,"13":0,"14":0,"15":0,"16":0,"17":0,"18":0,"19":0,"20":0,"21":0,"22":0,"23":0,"24":0,"25":0,"26":0,"27":0,"28":0,"29":0,"30":0,"31":0,"32":0,"33":0,"34":0,"35":0,"36":0,"37":0,"38":0,"39":0,"40":0,"41":0,"42":0,"43":0,"44":0,"45":0,"46":0,"47":0,"48":0,"49":0,"50":0,"51":0},"f":{"0":0,"1":0,"2":0,"3":0,"4":0},"b":{"0":[0,0],"1":[0,0],"2":[0],"3":[0],"4":[0],"5":[0,0,0],"6":[0],"7":[0],"8":[0],"9":[0,0,0],"10":[0],"11":[0,0],"12":[0],"13":[0,0],"14":[0,0],"15":[0,0],"16":[0,0],"17":[0],"18":[0,0]}}
,"/workspace/src/generation/prompt.ts": {"path":"/workspace/src/generation/prompt.ts","statementMap":{"0":{"start":{"line":1,"column":13},"end":{"line":27,"column":89}}},"fnMap":{},"branchMap":{},"s":{"0":0},"f":{},"b":{}}
,"/workspace/src/generation/sgr-generator.ts": {"path":"/workspace/src/generation/sgr-generator.ts","statementMap":{"0":{"start":{"line":111,"column":0},"end":{"line":111,"column":7}},"1":{"start":{"line":212,"column":0},"end":{"line":212,"column":16}},"2":{"start":{"line":234,"column":0},"end":{"line":234,"column":7}},"3":{"start":{"line":1,"column":0},"end":{"line":1,"column":28}},"4":{"start":{"line":3,"column":0},"end":{"line":3,"column":null}},"5":{"start":{"line":10,"column":0},"end":{"line":10,"column":50}},"6":{"start":{"line":11,"column":0},"end":{"line":11,"column":41}},"7":{"start":{"line":32,"column":37},"end":{"line":32,"column":39}},"8":{"start":{"line":35,"column":4},"end":{"line":35,"column":26}},"9":{"start":{"line":38,"column":4},"end":{"line":40,"column":5}},"10":{"start":{"line":39,"column":6},"end":{"line":39,"column":43}},"11":{"start":{"line":44,"column":18},"end":{"line":44,"column":35}},"12":{"start":{"line":45,"column":23},"end":{"line":45,"column":63}},"13":{"start":{"line":45,"column":46},"end":{"line":45,"column":55}},"14":{"start":{"line":46,"column":20},"end":{"line":53,"column":33}},"15":{"start":{"line":47,"column":6},"end":{"line":49,"column":7}},"16":{"start":{"line":48,"column":8},"end":{"line":48,"column":80}},"17":{"start":{"line":50,"column":6},"end":{"line":50,"column":27}},"18":{"start":{"line":51,"column":6},"end":{"line":51,"column":44}},"19":{"start":{"line":51,"column":21},"end":{"line":51,"column":44}},"20":{"start":{"line":52,"column":6},"end":{"line":52,"column":17}},"21":{"start":{"line":56,"column":4},"end":{"line":61,"column":7}},"22":{"start":{"line":57,"column":25},"end":{"line":57,"column":66}},"23":{"start":{"line":57,"column":48},"end":{"line":57,"column":65}},"24":{"start":{"line":58,"column":6},"end":{"line":58,"column":106}},"25":{"start":{"line":58,"column":65},"end":{"line":58,"column":81}},"26":{"start":{"line":59,"column":6},"end":{"line":59,"column":106}},"27":{"start":{"line":59,"column":65},"end":{"line":59,"column":81}},"28":{"start":{"line":60,"column":6},"end":{"line":60,"column":106}},"29":{"start":{"line":63,"column":4},"end":{"line":72,"column":6}},"30":{"start":{"line":69,"column":21},"end":{"line":69,"column":42}},"31":{"start":{"line":71,"column":19},"end":{"line":71,"column":71}},"32":{"start":{"line":76,"column":13},"end":{"line":76,"column":62}},"33":{"start":{"line":79,"column":17},"end":{"line":79,"column":77}},"34":{"start":{"line":80,"column":18},"end":{"line":80,"column":79}},"35":{"start":{"line":82,"column":2},"end":{"line":82,"column":83}},"36":{"start":{"line":82,"column":15},"end":{"line":82,"column":83}},"37":{"start":{"line":84,"column":49},"end":{"line":84,"column":51}},"38":{"start":{"line":85,"column":2},"end":{"line":85,"column":102}},"39":{"start":{"line":85,"column":38},"end":{"line":85,"column":102}},"40":{"start":{"line":86,"column":2},"end":{"line":86,"column":93}},"41":{"start":{"line":86,"column":36},"end":{"line":86,"column":93}},"42":{"start":{"line":88,"column":2},"end":{"line":88,"column":57}},"43":{"start":{"line":92,"column":56},"end":{"line":97,"column":4}},"44":{"start":{"line":99,"column":2},"end":{"line":101,"column":3}},"45":{"start":{"line":100,"column":4},"end":{"line":100,"column":74}},"46":{"start":{"line":103,"column":2},"end":{"line":106,"column":5}},"47":{"start":{"line":108,"column":2},"end":{"line":108,"column":18}},"48":{"start":{"line":112,"column":17},"end":{"line":112,"column":44}},"49":{"start":{"line":113,"column":22},"end":{"line":113,"column":45}},"50":{"start":{"line":115,"column":16},"end":{"line":115,"column":90}},"51":{"start":{"line":116,"column":22},"end":{"line":116,"column":73}},"52":{"start":{"line":117,"column":22},"end":{"line":117,"column":49}},"53":{"start":{"line":119,"column":17},"end":{"line":119,"column":28}},"54":{"start":{"line":120,"column":20},"end":{"line":120,"column":30}},"55":{"start":{"line":122,"column":23},"end":{"line":122,"column":27}},"56":{"start":{"line":123,"column":17},"end":{"line":123,"column":18}},"57":{"start":{"line":125,"column":2},"end":{"line":197,"column":3}},"58":{"start":{"line":125,"column":21},"end":{"line":125,"column":22}},"59":{"start":{"line":126,"column":4},"end":{"line":126,"column":23}},"60":{"start":{"line":128,"column":4},"end":{"line":196,"column":5}},"61":{"start":{"line":129,"column":6},"end":{"line":129,"column":92}},"62":{"start":{"line":131,"column":28},"end":{"line":131,"column":49}},"63":{"start":{"line":132,"column":6},"end":{"line":134,"column":7}},"64":{"start":{"line":133,"column":8},"end":{"line":133,"column":56}},"65":{"start":{"line":136,"column":25},"end":{"line":140,"column":8}},"66":{"start":{"line":142,"column":22},"end":{"line":142,"column":67}},"67":{"start":{"line":145,"column":20},"end":{"line":145,"column":27}},"68":{"start":{"line":148,"column":29},"end":{"line":148,"column":77}},"69":{"start":{"line":149,"column":6},"end":{"line":151,"column":7}},"70":{"start":{"line":150,"column":8},"end":{"line":150,"column":36}},"71":{"start":{"line":153,"column":21},"end":{"line":153,"column":40}},"72":{"start":{"line":154,"column":24},"end":{"line":154,"column":59}},"73":{"start":{"line":157,"column":6},"end":{"line":162,"column":9}},"74":{"start":{"line":164,"column":6},"end":{"line":169,"column":9}},"75":{"start":{"line":171,"column":6},"end":{"line":171,"column":23}},"76":{"start":{"line":174,"column":6},"end":{"line":174,"column":24}},"77":{"start":{"line":175,"column":6},"end":{"line":178,"column":9}},"78":{"start":{"line":181,"column":6},"end":{"line":195,"column":7}},"79":{"start":{"line":182,"column":8},"end":{"line":182,"column":58}},"80":{"start":{"line":184,"column":8},"end":{"line":194,"column":9}},"81":{"start":{"line":185,"column":33},"end":{"line":189,"column":12}},"82":{"start":{"line":191,"column":10},"end":{"line":191,"column":32}},"83":{"start":{"line":200,"column":2},"end":{"line":206,"column":5}},"84":{"start":{"line":208,"column":2},"end":{"line":208,"column":112}},"85":{"start":{"line":213,"column":2},"end":{"line":230,"column":4}},"86":{"start":{"line":235,"column":20},"end":{"line":235,"column":50}},"87":{"start":{"line":236,"column":2},"end":{"line":236,"column":38}}},"fnMap":{"0":{"name":"(anonymous_1)","decl":{"start":{"line":34,"column":2},"end":{"line":34,"column":8}},"loc":{"start":{"line":34,"column":30},"end":{"line":41,"column":3}}},"1":{"name":"(anonymous_2)","decl":{"start":{"line":43,"column":2},"end":{"line":43,"column":10}},"loc":{"start":{"line":43,"column":10},"end":{"line":73,"column":3}}},"2":{"name":"(anonymous_3)","decl":{"start":{"line":45,"column":41},"end":{"line":45,"column":42}},"loc":{"start":{"line":45,"column":46},"end":{"line":45,"column":55}}},"3":{"name":"(anonymous_4)","decl":{"start":{"line":46,"column":38},"end":{"line":46,"column":39}},"loc":{"start":{"line":46,"column":49},"end":{"line":53,"column":5}}},"4":{"name":"(anonymous_5)","decl":{"start":{"line":56,"column":33},"end":{"line":56,"column":38}},"loc":{"start":{"line":56,"column":41},"end":{"line":61,"column":5}}},"5":{"name":"(anonymous_6)","decl":{"start":{"line":57,"column":43},"end":{"line":57,"column":44}},"loc":{"start":{"line":57,"column":48},"end":{"line":57,"column":65}}},"6":{"name":"(anonymous_7)","decl":{"start":{"line":58,"column":53},"end":{"line":58,"column":54}},"loc":{"start":{"line":58,"column":65},"end":{"line":58,"column":81}}},"7":{"name":"(anonymous_8)","decl":{"start":{"line":59,"column":53},"end":{"line":59,"column":54}},"loc":{"start":{"line":59,"column":65},"end":{"line":59,"column":81}}},"8":{"name":"(anonymous_9)","decl":{"start":{"line":69,"column":16},"end":{"line":69,"column":17}},"loc":{"start":{"line":69,"column":21},"end":{"line":69,"column":42}}},"9":{"name":"(anonymous_10)","decl":{"start":{"line":71,"column":13},"end":{"line":71,"column":14}},"loc":{"start":{"line":71,"column":19},"end":{"line":71,"column":71}}},"10":{"name":"getClient","decl":{"start":{"line":78,"column":9},"end":{"line":78,"column":18}},"loc":{"start":{"line":78,"column":18},"end":{"line":89,"column":1}}},"11":{"name":"buildMessages","decl":{"start":{"line":91,"column":9},"end":{"line":91,"column":22}},"loc":{"start":{"line":91,"column":43},"end":{"line":109,"column":1}}},"12":{"name":"generateWithSGR","decl":{"start":{"line":111,"column":22},"end":{"line":111,"column":37}},"loc":{"start":{"line":111,"column":71},"end":{"line":209,"column":1}}},"13":{"name":"sgrToLegacyFormat","decl":{"start":{"line":212,"column":16},"end":{"line":212,"column":33}},"loc":{"start":{"line":212,"column":56},"end":{"line":231,"column":1}}},"14":{"name":"generateOneRoundSGR","decl":{"start":{"line":234,"column":22},"end":{"line":234,"column":41}},"loc":{"start":{"line":234,"column":75},"end":{"line":237,"column":1}}}},"branchMap":{"0":{"loc":{"start":{"line":38,"column":4},"end":{"line":40,"column":5}},"type":"if","locations":[{"start":{"line":38,"column":4},"end":{"line":40,"column":5}}]},"1":{"loc":{"start":{"line":47,"column":6},"end":{"line":49,"column":7}},"type":"if","locations":[{"start":{"line":47,"column":6},"end":{"line":49,"column":7}}]},"2":{"loc":{"start":{"line":51,"column":6},"end":{"line":51,"column":44}},"type":"if","locations":[{"start":{"line":51,"column":6},"end":{"line":51,"column":44}}]},"3":{"loc":{"start":{"line":66,"column":19},"end":{"line":66,"column":81}},"type":"cond-expr","locations":[{"start":{"line":66,"column":31},"end":{"line":66,"column":74}},{"start":{"line":66,"column":77},"end":{"line":66,"column":81}}]},"4":{"loc":{"start":{"line":69,"column":21},"end":{"line":69,"column":42}},"type":"binary-expr","locations":[{"start":{"line":69,"column":21},"end":{"line":69,"column":31}},{"start":{"line":69,"column":35},"end":{"line":69,"column":42}}]},"5":{"loc":{"start":{"line":79,"column":17},"end":{"line":79,"column":77}},"type":"binary-expr","locations":[{"start":{"line":79,"column":17},"end":{"line":79,"column":47}},{"start":{"line":79,"column":51},"end":{"line":79,"column":77}}]},"6":{"loc":{"start":{"line":80,"column":18},"end":{"line":80,"column":79}},"type":"binary-expr","locations":[{"start":{"line":80,"column":18},"end":{"line":80,"column":45}},{"start":{"line":80,"column":49},"end":{"line":80,"column":79}}]},"7":{"loc":{"start":{"line":82,"column":2},"end":{"line":82,"column":83}},"type":"if","locations":[{"start":{"line":82,"column":2},"end":{"line":82,"column":83}}]},"8":{"loc":{"start":{"line":85,"column":2},"end":{"line":85,"column":102}},"type":"if","locations":[{"start":{"line":85,"column":2},"end":{"line":85,"column":102}}]},"9":{"loc":{"start":{"line":86,"column":2},"end":{"line":86,"column":93}},"type":"if","locations":[{"start":{"line":86,"column":2},"end":{"line":86,"column":93}}]},"10":{"loc":{"start":{"line":99,"column":2},"end":{"line":101,"column":3}},"type":"if","locations":[{"start":{"line":99,"column":2},"end":{"line":101,"column":3}}]},"11":{"loc":{"start":{"line":111,"column":38},"end":{"line":111,"column":71}},"type":"default-arg","locations":[{"start":{"line":111,"column":69},"end":{"line":111,"column":71}}]},"12":{"loc":{"start":{"line":115,"column":16},"end":{"line":115,"column":90}},"type":"binary-expr","locations":[{"start":{"line":115,"column":16},"end":{"line":115,"column":29}},{"start":{"line":115,"column":33},"end":{"line":115,"column":50}},{"start":{"line":115,"column":54},"end":{"line":115,"column":90}}]},"13":{"loc":{"start":{"line":116,"column":22},"end":{"line":116,"column":73}},"type":"binary-expr","locations":[{"start":{"line":116,"column":22},"end":{"line":116,"column":41}},{"start":{"line":116,"column":45},"end":{"line":116,"column":68}},{"start":{"line":116,"column":72},"end":{"line":116,"column":73}}]},"14":{"loc":{"start":{"line":117,"column":22},"end":{"line":117,"column":49}},"type":"binary-expr","locations":[{"start":{"line":117,"column":22},"end":{"line":117,"column":41}},{"start":{"line":117,"column":45},"end":{"line":117,"column":49}}]},"15":{"loc":{"start":{"line":132,"column":6},"end":{"line":134,"column":7}},"type":"if","locations":[{"start":{"line":132,"column":6},"end":{"line":134,"column":7}}]},"16":{"loc":{"start":{"line":142,"column":22},"end":{"line":142,"column":67}},"type":"binary-expr","locations":[{"start":{"line":142,"column":22},"end":{"line":142,"column":61}},{"start":{"line":142,"column":65},"end":{"line":142,"column":67}}]},"17":{"loc":{"start":{"line":149,"column":6},"end":{"line":151,"column":7}},"type":"if","locations":[{"start":{"line":149,"column":6},"end":{"line":151,"column":7}}]},"18":{"loc":{"start":{"line":181,"column":6},"end":{"line":195,"column":7}},"type":"if","locations":[{"start":{"line":181,"column":6},"end":{"line":195,"column":7}}]},"19":{"loc":{"start":{"line":181,"column":10},"end":{"line":181,"column":83}},"type":"binary-expr","locations":[{"start":{"line":181,"column":10},"end":{"line":181,"column":33}},{"start":{"line":181,"column":37},"end":{"line":181,"column":83}}]},"20":{"loc":{"start":{"line":205,"column":11},"end":{"line":205,"column":48}},"type":"binary-expr","locations":[{"start":{"line":205,"column":11},"end":{"line":205,"column":29}},{"start":{"line":205,"column":33},"end":{"line":205,"column":48}}]},"21":{"loc":{"start":{"line":208,"column":71},"end":{"line":208,"column":108}},"type":"binary-expr","locations":[{"start":{"line":208,"column":71},"end":{"line":208,"column":89}},{"start":{"line":208,"column":93},"end":{"line":208,"column":108}}]},"22":{"loc":{"start":{"line":234,"column":42},"end":{"line":234,"column":75}},"type":"default-arg","locations":[{"start":{"line":234,"column":73},"end":{"line":234,"column":75}}]}},"s":{"0":0,"1":0,"2":0,"3":0,"4":0,"5":0,"6":0,"7":0,"8":0,"9":0,"10":0,"11":0,"12":0,"13":0,"14":0,"15":0,"16":0,"17":0,"18":0,"19":0,"20":0,"21":0,"22":0,"23":0,"24":0,"25":0,"26":0,"27":0,"28":0,"29":0,"30":0,"31":0,"32":0,"33":0,"34":0,"35":0,"36":0,"37":0,"38":0,"39":0,"40":0,"41":0,"42":0,"43":0,"44":0,"45":0,"46":0,"47":0,"48":0,"49":0,"50":0,"51":0,"52":0,"53":0,"54":0,"55":0,"56":0,"57":0,"58":0,"59":0,"60":0,"61":0,"62":0,"63":0,"64":0,"65":0,"66":0,"67":0,"68":0,"69":0,"70":0,"71":0,"72":0,"73":0,"74":0,"75":0,"76":0,"77":0,"78":0,"79":0,"80":0,"81":0,"82":0,"83":0,"84":0,"85":0,"86":0,"87":0},"f":{"0":0,"1":0,"2":0,"3":0,"4":0,"5":0,"6":0,"7":0,"8":0,"9":0,"10":0,"11":0,"12":0,"13":0,"14":0},"b":{"0":[0],"1":[0],"2":[0],"3":[0,0],"4":[0,0],"5":[0,0],"6":[0,0],"7":[0],"8":[0],"9":[0],"10":[0],"11":[0],"12":[0,0,0],"13":[0,0,0],"14":[0,0],"15":[0],"16":[0,0],"17":[0],"18":[0],"19":[0,0],"20":[0,0],"21":[0,0],"22":[0]}}
,"/workspace/src/generation/sgr-schema.ts": {"path":"/workspace/src/generation/sgr-schema.ts","statementMap":{"0":{"start":{"line":91,"column":0},"end":{"line":91,"column":16}},"1":{"start":{"line":151,"column":0},"end":{"line":151,"column":16}},"2":{"start":{"line":1,"column":0},"end":{"line":1,"column":24}},"3":{"start":{"line":4,"column":19},"end":{"line":17,"column":2}},"4":{"start":{"line":20,"column":13},"end":{"line":35,"column":3}},"5":{"start":{"line":38,"column":13},"end":{"line":61,"column":123}},"6":{"start":{"line":64,"column":13},"end":{"line":88,"column":2}},"7":{"start":{"line":92,"column":17},"end":{"line":92,"column":54}},"8":{"start":{"line":95,"column":18},"end":{"line":95,"column":84}},"9":{"start":{"line":96,"column":24},"end":{"line":96,"column":40}},"10":{"start":{"line":98,"column":2},"end":{"line":100,"column":3}},"11":{"start":{"line":99,"column":4},"end":{"line":99,"column":70}},"12":{"start":{"line":103,"column":25},"end":{"line":107,"column":4}},"13":{"start":{"line":109,"column":19},"end":{"line":109,"column":79}},"14":{"start":{"line":111,"column":2},"end":{"line":117,"column":3}},"15":{"start":{"line":112,"column":4},"end":{"line":116,"column":5}},"16":{"start":{"line":113,"column":6},"end":{"line":115,"column":7}},"17":{"start":{"line":114,"column":8},"end":{"line":114,"column":60}},"18":{"start":{"line":119,"column":2},"end":{"line":119,"column":16}},"19":{"start":{"line":123,"column":13},"end":{"line":148,"column":2}},"20":{"start":{"line":152,"column":21},"end":{"line":152,"column":70}},"21":{"start":{"line":154,"column":2},"end":{"line":158,"column":4}}},"fnMap":{"0":{"name":"validateLockStockGeneration","decl":{"start":{"line":91,"column":16},"end":{"line":91,"column":43}},"loc":{"start":{"line":91,"column":57},"end":{"line":120,"column":1}}},"1":{"name":"getModelConfig","decl":{"start":{"line":151,"column":16},"end":{"line":151,"column":30}},"loc":{"start":{"line":151,"column":48},"end":{"line":159,"column":1}}}},"branchMap":{"0":{"loc":{"start":{"line":98,"column":2},"end":{"line":100,"column":3}},"type":"if","locations":[{"start":{"line":98,"column":2},"end":{"line":100,"column":3}}]},"1":{"loc":{"start":{"line":113,"column":6},"end":{"line":115,"column":7}},"type":"if","locations":[{"start":{"line":113,"column":6},"end":{"line":115,"column":7}}]},"2":{"loc":{"start":{"line":152,"column":21},"end":{"line":152,"column":70}},"type":"binary-expr","locations":[{"start":{"line":152,"column":21},"end":{"line":152,"column":45}},{"start":{"line":152,"column":49},"end":{"line":152,"column":70}}]}},"s":{"0":0,"1":0,"2":0,"3":0,"4":0,"5":0,"6":0,"7":0,"8":0,"9":0,"10":0,"11":0,"12":0,"13":0,"14":0,"15":0,"16":0,"17":0,"18":0,"19":0,"20":0,"21":0},"f":{"0":0,"1":0},"b":{"0":[0],"1":[0],"2":[0,0]}}
,"/workspace/src/handlers/admin.ts": {"path":"/workspace/src/handlers/admin.ts","statementMap":{"0":{"start":{"line":12,"column":0},"end":{"line":12,"column":16}},"1":{"start":{"line":18,"column":0},"end":{"line":18,"column":7}},"2":{"start":{"line":46,"column":0},"end":{"line":46,"column":7}},"3":{"start":{"line":74,"column":0},"end":{"line":74,"column":7}},"4":{"start":{"line":106,"column":0},"end":{"line":106,"column":7}},"5":{"start":{"line":122,"column":0},"end":{"line":122,"column":7}},"6":{"start":{"line":149,"column":0},"end":{"line":149,"column":7}},"7":{"start":{"line":163,"column":0},"end":{"line":163,"column":7}},"8":{"start":{"line":195,"column":0},"end":{"line":195,"column":7}},"9":{"start":{"line":271,"column":0},"end":{"line":271,"column":7}},"10":{"start":{"line":457,"column":0},"end":{"line":457,"column":7}},"11":{"start":{"line":461,"column":0},"end":{"line":461,"column":7}},"12":{"start":{"line":475,"column":0},"end":{"line":475,"column":7}},"13":{"start":{"line":504,"column":0},"end":{"line":504,"column":7}},"14":{"start":{"line":521,"column":0},"end":{"line":521,"column":7}},"15":{"start":{"line":544,"column":0},"end":{"line":544,"column":7}},"16":{"start":{"line":559,"column":0},"end":{"line":559,"column":7}},"17":{"start":{"line":573,"column":0},"end":{"line":573,"column":7}},"18":{"start":{"line":588,"column":0},"end":{"line":588,"column":7}},"19":{"start":{"line":606,"column":0},"end":{"line":606,"column":7}},"20":{"start":{"line":637,"column":0},"end":{"line":637,"column":7}},"21":{"start":{"line":674,"column":0},"end":{"line":674,"column":7}},"22":{"start":{"line":697,"column":0},"end":{"line":697,"column":7}},"23":{"start":{"line":723,"column":0},"end":{"line":723,"column":7}},"24":{"start":{"line":750,"column":0},"end":{"line":750,"column":7}},"25":{"start":{"line":778,"column":0},"end":{"line":778,"column":7}},"26":{"start":{"line":795,"column":0},"end":{"line":795,"column":7}},"27":{"start":{"line":813,"column":0},"end":{"line":813,"column":7}},"28":{"start":{"line":829,"column":0},"end":{"line":829,"column":7}},"29":{"start":{"line":844,"column":0},"end":{"line":844,"column":7}},"30":{"start":{"line":858,"column":0},"end":{"line":858,"column":7}},"31":{"start":{"line":872,"column":0},"end":{"line":872,"column":7}},"32":{"start":{"line":886,"column":0},"end":{"line":886,"column":7}},"33":{"start":{"line":908,"column":0},"end":{"line":908,"column":7}},"34":{"start":{"line":923,"column":0},"end":{"line":923,"column":7}},"35":{"start":{"line":938,"column":0},"end":{"line":938,"column":7}},"36":{"start":{"line":954,"column":0},"end":{"line":954,"column":7}},"37":{"start":{"line":969,"column":0},"end":{"line":969,"column":7}},"38":{"start":{"line":984,"column":0},"end":{"line":984,"column":7}},"39":{"start":{"line":1000,"column":0},"end":{"line":1000,"column":7}},"40":{"start":{"line":1042,"column":0},"end":{"line":1042,"column":7}},"41":{"start":{"line":1083,"column":0},"end":{"line":1083,"column":7}},"42":{"start":{"line":1127,"column":0},"end":{"line":1127,"column":7}},"43":{"start":{"line":1154,"column":0},"end":{"line":1154,"column":7}},"44":{"start":{"line":1216,"column":0},"end":{"line":1216,"column":7}},"45":{"start":{"line":1247,"column":0},"end":{"line":1247,"column":7}},"46":{"start":{"line":1264,"column":0},"end":{"line":1264,"column":7}},"47":{"start":{"line":1,"column":0},"end":{"line":1,"column":49}},"48":{"start":{"line":2,"column":0},"end":{"line":2,"column":50}},"49":{"start":{"line":3,"column":0},"end":{"line":3,"column":41}},"50":{"start":{"line":13,"column":17},"end":{"line":13,"column":29}},"51":{"start":{"line":14,"column":2},"end":{"line":14,"column":52}},"52":{"start":{"line":19,"column":2},"end":{"line":22,"column":3}},"53":{"start":{"line":20,"column":4},"end":{"line":20,"column":55}},"54":{"start":{"line":21,"column":4},"end":{"line":21,"column":11}},"55":{"start":{"line":24,"column":19},"end":{"line":34,"column":37}},"56":{"start":{"line":36,"column":2},"end":{"line":42,"column":4}},"57":{"start":{"line":47,"column":2},"end":{"line":47,"column":34}},"58":{"start":{"line":47,"column":27},"end":{"line":47,"column":34}},"59":{"start":{"line":49,"column":17},"end":{"line":49,"column":44}},"60":{"start":{"line":50,"column":22},"end":{"line":50,"column":45}},"61":{"start":{"line":52,"column":19},"end":{"line":59,"column":35}},"62":{"start":{"line":61,"column":2},"end":{"line":70,"column":4}},"63":{"start":{"line":75,"column":2},"end":{"line":75,"column":34}},"64":{"start":{"line":75,"column":27},"end":{"line":75,"column":34}},"65":{"start":{"line":77,"column":17},"end":{"line":85,"column":4}},"66":{"start":{"line":87,"column":19},"end":{"line":87,"column":39}},"67":{"start":{"line":89,"column":2},"end":{"line":91,"column":3}},"68":{"start":{"line":90,"column":4},"end":{"line":90,"column":67}},"69":{"start":{"line":93,"column":2},"end":{"line":93,"column":43}},"70":{"start":{"line":95,"column":2},"end":{"line":102,"column":4}},"71":{"start":{"line":107,"column":2},"end":{"line":107,"column":34}},"72":{"start":{"line":107,"column":27},"end":{"line":107,"column":34}},"73":{"start":{"line":109,"column":2},"end":{"line":118,"column":3}},"74":{"start":{"line":110,"column":19},"end":{"line":110,"column":46}},"75":{"start":{"line":111,"column":4},"end":{"line":111,"column":43}},"76":{"start":{"line":113,"column":4},"end":{"line":113,"column":63}},"77":{"start":{"line":114,"column":4},"end":{"line":114,"column":38}},"78":{"start":{"line":116,"column":4},"end":{"line":116,"column":51}},"79":{"start":{"line":117,"column":4},"end":{"line":117,"column":67}},"80":{"start":{"line":123,"column":2},"end":{"line":123,"column":34}},"81":{"start":{"line":123,"column":27},"end":{"line":123,"column":34}},"82":{"start":{"line":125,"column":17},"end":{"line":125,"column":44}},"83":{"start":{"line":126,"column":24},"end":{"line":126,"column":50}},"84":{"start":{"line":127,"column":19},"end":{"line":127,"column":34}},"85":{"start":{"line":129,"column":19},"end":{"line":135,"column":35}},"86":{"start":{"line":137,"column":2},"end":{"line":145,"column":4}},"87":{"start":{"line":150,"column":2},"end":{"line":150,"column":34}},"88":{"start":{"line":150,"column":27},"end":{"line":150,"column":34}},"89":{"start":{"line":152,"column":2},"end":{"line":152,"column":43}},"90":{"start":{"line":154,"column":2},"end":{"line":159,"column":4}},"91":{"start":{"line":164,"column":2},"end":{"line":164,"column":34}},"92":{"start":{"line":164,"column":27},"end":{"line":164,"column":34}},"93":{"start":{"line":166,"column":17},"end":{"line":166,"column":44}},"94":{"start":{"line":168,"column":19},"end":{"line":178,"column":35}},"95":{"start":{"line":180,"column":2},"end":{"line":191,"column":4}},"96":{"start":{"line":196,"column":2},"end":{"line":196,"column":34}},"97":{"start":{"line":196,"column":27},"end":{"line":196,"column":34}},"98":{"start":{"line":198,"column":2},"end":{"line":267,"column":3}},"99":{"start":{"line":199,"column":34},"end":{"line":199,"column":68}},"100":{"start":{"line":200,"column":32},"end":{"line":200,"column":75}},"101":{"start":{"line":202,"column":22},"end":{"line":202,"column":41}},"102":{"start":{"line":203,"column":18},"end":{"line":203,"column":44}},"103":{"start":{"line":204,"column":21},"end":{"line":204,"column":47}},"104":{"start":{"line":206,"column":21},"end":{"line":214,"column":37}},"105":{"start":{"line":216,"column":22},"end":{"line":246,"column":16}},"106":{"start":{"line":248,"column":4},"end":{"line":251,"column":7}},"107":{"start":{"line":253,"column":4},"end":{"line":253,"column":51}},"108":{"start":{"line":255,"column":21},"end":{"line":256,"column":37}},"109":{"start":{"line":258,"column":4},"end":{"line":266,"column":6}},"110":{"start":{"line":275,"column":2},"end":{"line":275,"column":88}},"111":{"start":{"line":275,"column":75},"end":{"line":275,"column":88}},"112":{"start":{"line":277,"column":15},"end":{"line":277,"column":31}},"113":{"start":{"line":278,"column":15},"end":{"line":278,"column":36}},"114":{"start":{"line":281,"column":2},"end":{"line":286,"column":3}},"115":{"start":{"line":282,"column":4},"end":{"line":282,"column":38}},"116":{"start":{"line":283,"column":4},"end":{"line":283,"column":38}},"117":{"start":{"line":284,"column":4},"end":{"line":284,"column":43}},"118":{"start":{"line":285,"column":4},"end":{"line":285,"column":16}},"119":{"start":{"line":288,"column":17},"end":{"line":288,"column":44}},"120":{"start":{"line":290,"column":2},"end":{"line":451,"column":3}},"121":{"start":{"line":292,"column":6},"end":{"line":305,"column":7}},"122":{"start":{"line":293,"column":8},"end":{"line":293,"column":41}},"123":{"start":{"line":294,"column":8},"end":{"line":294,"column":42}},"124":{"start":{"line":296,"column":8},"end":{"line":299,"column":10}},"125":{"start":{"line":300,"column":8},"end":{"line":300,"column":20}},"126":{"start":{"line":302,"column":8},"end":{"line":302,"column":59}},"127":{"start":{"line":303,"column":8},"end":{"line":303,"column":59}},"128":{"start":{"line":304,"column":8},"end":{"line":304,"column":20}},"129":{"start":{"line":308,"column":6},"end":{"line":323,"column":7}},"130":{"start":{"line":309,"column":21},"end":{"line":309,"column":37}},"131":{"start":{"line":310,"column":8},"end":{"line":313,"column":9}},"132":{"start":{"line":311,"column":10},"end":{"line":311,"column":72}},"133":{"start":{"line":312,"column":10},"end":{"line":312,"column":22}},"134":{"start":{"line":315,"column":8},"end":{"line":315,"column":40}},"135":{"start":{"line":316,"column":8},"end":{"line":316,"column":42}},"136":{"start":{"line":318,"column":8},"end":{"line":318,"column":62}},"137":{"start":{"line":319,"column":8},"end":{"line":319,"column":20}},"138":{"start":{"line":321,"column":8},"end":{"line":321,"column":62}},"139":{"start":{"line":322,"column":8},"end":{"line":322,"column":20}},"140":{"start":{"line":327,"column":6},"end":{"line":343,"column":7}},"141":{"start":{"line":328,"column":23},"end":{"line":328,"column":37}},"142":{"start":{"line":329,"column":8},"end":{"line":332,"column":9}},"143":{"start":{"line":330,"column":10},"end":{"line":330,"column":83}},"144":{"start":{"line":331,"column":10},"end":{"line":331,"column":22}},"145":{"start":{"line":334,"column":20},"end":{"line":334,"column":83}},"146":{"start":{"line":335,"column":8},"end":{"line":335,"column":32}},"147":{"start":{"line":336,"column":8},"end":{"line":336,"column":42}},"148":{"start":{"line":338,"column":8},"end":{"line":338,"column":60}},"149":{"start":{"line":339,"column":8},"end":{"line":339,"column":20}},"150":{"start":{"line":341,"column":8},"end":{"line":341,"column":69}},"151":{"start":{"line":342,"column":8},"end":{"line":342,"column":20}},"152":{"start":{"line":348,"column":6},"end":{"line":384,"column":7}},"153":{"start":{"line":349,"column":26},"end":{"line":349,"column":57}},"154":{"start":{"line":350,"column":8},"end":{"line":353,"column":9}},"155":{"start":{"line":351,"column":10},"end":{"line":351,"column":59}},"156":{"start":{"line":352,"column":10},"end":{"line":352,"column":22}},"157":{"start":{"line":355,"column":27},"end":{"line":355,"column":29}},"158":{"start":{"line":357,"column":8},"end":{"line":373,"column":9}},"159":{"start":{"line":358,"column":10},"end":{"line":358,"column":30}},"160":{"start":{"line":359,"column":15},"end":{"line":373,"column":9}},"161":{"start":{"line":360,"column":25},"end":{"line":360,"column":39}},"162":{"start":{"line":361,"column":10},"end":{"line":364,"column":11}},"163":{"start":{"line":362,"column":12},"end":{"line":362,"column":77}},"164":{"start":{"line":363,"column":12},"end":{"line":363,"column":24}},"165":{"start":{"line":365,"column":10},"end":{"line":365,"column":34}},"166":{"start":{"line":367,"column":24},"end":{"line":367,"column":38}},"167":{"start":{"line":368,"column":10},"end":{"line":371,"column":11}},"168":{"start":{"line":369,"column":12},"end":{"line":369,"column":71}},"169":{"start":{"line":370,"column":12},"end":{"line":370,"column":24}},"170":{"start":{"line":372,"column":10},"end":{"line":372,"column":37}},"171":{"start":{"line":375,"column":8},"end":{"line":375,"column":49}},"172":{"start":{"line":376,"column":8},"end":{"line":376,"column":42}},"173":{"start":{"line":377,"column":8},"end":{"line":377,"column":42}},"174":{"start":{"line":379,"column":8},"end":{"line":379,"column":53}},"175":{"start":{"line":380,"column":8},"end":{"line":380,"column":20}},"176":{"start":{"line":382,"column":8},"end":{"line":382,"column":58}},"177":{"start":{"line":383,"column":8},"end":{"line":383,"column":20}},"178":{"start":{"line":387,"column":6},"end":{"line":405,"column":7}},"179":{"start":{"line":388,"column":24},"end":{"line":388,"column":38}},"180":{"start":{"line":389,"column":20},"end":{"line":389,"column":51}},"181":{"start":{"line":391,"column":8},"end":{"line":394,"column":9}},"182":{"start":{"line":392,"column":10},"end":{"line":392,"column":68}},"183":{"start":{"line":393,"column":10},"end":{"line":393,"column":22}},"184":{"start":{"line":396,"column":8},"end":{"line":396,"column":40}},"185":{"start":{"line":397,"column":8},"end":{"line":397,"column":42}},"186":{"start":{"line":398,"column":8},"end":{"line":398,"column":42}},"187":{"start":{"line":400,"column":8},"end":{"line":400,"column":63}},"188":{"start":{"line":401,"column":8},"end":{"line":401,"column":20}},"189":{"start":{"line":403,"column":8},"end":{"line":403,"column":58}},"190":{"start":{"line":404,"column":8},"end":{"line":404,"column":20}},"191":{"start":{"line":408,"column":6},"end":{"line":426,"column":7}},"192":{"start":{"line":409,"column":22},"end":{"line":409,"column":36}},"193":{"start":{"line":410,"column":20},"end":{"line":410,"column":51}},"194":{"start":{"line":412,"column":8},"end":{"line":415,"column":9}},"195":{"start":{"line":413,"column":10},"end":{"line":413,"column":72}},"196":{"start":{"line":414,"column":10},"end":{"line":414,"column":22}},"197":{"start":{"line":417,"column":8},"end":{"line":417,"column":38}},"198":{"start":{"line":418,"column":8},"end":{"line":418,"column":42}},"199":{"start":{"line":419,"column":8},"end":{"line":419,"column":42}},"200":{"start":{"line":421,"column":8},"end":{"line":421,"column":56}},"201":{"start":{"line":422,"column":8},"end":{"line":422,"column":20}},"202":{"start":{"line":424,"column":8},"end":{"line":424,"column":57}},"203":{"start":{"line":425,"column":8},"end":{"line":425,"column":20}},"204":{"start":{"line":429,"column":6},"end":{"line":438,"column":7}},"205":{"start":{"line":430,"column":8},"end":{"line":430,"column":43}},"206":{"start":{"line":431,"column":8},"end":{"line":431,"column":42}},"207":{"start":{"line":433,"column":8},"end":{"line":433,"column":65}},"208":{"start":{"line":434,"column":8},"end":{"line":434,"column":20}},"209":{"start":{"line":436,"column":8},"end":{"line":436,"column":61}},"210":{"start":{"line":437,"column":8},"end":{"line":437,"column":20}},"211":{"start":{"line":441,"column":6},"end":{"line":450,"column":7}},"212":{"start":{"line":442,"column":8},"end":{"line":442,"column":47}},"213":{"start":{"line":443,"column":8},"end":{"line":443,"column":42}},"214":{"start":{"line":445,"column":8},"end":{"line":445,"column":66}},"215":{"start":{"line":446,"column":8},"end":{"line":446,"column":20}},"216":{"start":{"line":448,"column":8},"end":{"line":448,"column":61}},"217":{"start":{"line":449,"column":8},"end":{"line":449,"column":20}},"218":{"start":{"line":453,"column":2},"end":{"line":453,"column":15}},"219":{"start":{"line":458,"column":2},"end":{"line":458,"column":28}},"220":{"start":{"line":462,"column":2},"end":{"line":462,"column":34}},"221":{"start":{"line":462,"column":27},"end":{"line":462,"column":34}},"222":{"start":{"line":464,"column":2},"end":{"line":472,"column":3}},"223":{"start":{"line":465,"column":19},"end":{"line":465,"column":46}},"224":{"start":{"line":466,"column":4},"end":{"line":466,"column":42}},"225":{"start":{"line":468,"column":4},"end":{"line":468,"column":69}},"226":{"start":{"line":469,"column":4},"end":{"line":469,"column":39}},"227":{"start":{"line":471,"column":4},"end":{"line":471,"column":65}},"228":{"start":{"line":476,"column":2},"end":{"line":476,"column":34}},"229":{"start":{"line":476,"column":27},"end":{"line":476,"column":34}},"230":{"start":{"line":478,"column":17},"end":{"line":478,"column":44}},"231":{"start":{"line":479,"column":17},"end":{"line":479,"column":41}},"232":{"start":{"line":482,"column":20},"end":{"line":482,"column":24}},"233":{"start":{"line":483,"column":2},"end":{"line":500,"column":3}},"234":{"start":{"line":484,"column":18},"end":{"line":484,"column":54}},"235":{"start":{"line":485,"column":4},"end":{"line":494,"column":5}},"236":{"start":{"line":485,"column":17},"end":{"line":485,"column":18}},"237":{"start":{"line":486,"column":20},"end":{"line":486,"column":33}},"238":{"start":{"line":487,"column":18},"end":{"line":487,"column":60}},"239":{"start":{"line":488,"column":19},"end":{"line":488,"column":47}},"240":{"start":{"line":490,"column":6},"end":{"line":493,"column":8}},"241":{"start":{"line":496,"column":4},"end":{"line":499,"column":6}},"242":{"start":{"line":505,"column":2},"end":{"line":505,"column":34}},"243":{"start":{"line":505,"column":27},"end":{"line":505,"column":34}},"244":{"start":{"line":507,"column":2},"end":{"line":507,"column":48}},"245":{"start":{"line":509,"column":2},"end":{"line":517,"column":4}},"246":{"start":{"line":522,"column":2},"end":{"line":522,"column":34}},"247":{"start":{"line":522,"column":27},"end":{"line":522,"column":34}},"248":{"start":{"line":524,"column":19},"end":{"line":524,"column":39}},"249":{"start":{"line":526,"column":2},"end":{"line":529,"column":3}},"250":{"start":{"line":526,"column":15},"end":{"line":526,"column":16}},"251":{"s
[...]
:45},"end":{"line":41,"column":3}}},"5":{"name":"(anonymous_5)","decl":{"start":{"line":43,"column":2},"end":{"line":43,"column":6}},"loc":{"start":{"line":43,"column":44},"end":{"line":47,"column":3}}},"6":{"name":"(anonymous_6)","decl":{"start":{"line":49,"column":2},"end":{"line":49,"column":6}},"loc":{"start":{"line":49,"column":44},"end":{"line":53,"column":3}}},"7":{"name":"(anonymous_7)","decl":{"start":{"line":55,"column":2},"end":{"line":55,"column":7}},"loc":{"start":{"line":55,"column":45},"end":{"line":59,"column":3}}},"8":{"name":"(anonymous_8)","decl":{"start":{"line":61,"column":2},"end":{"line":61,"column":13}},"loc":{"start":{"line":61,"column":26},"end":{"line":68,"column":3}}}},"branchMap":{"0":{"loc":{"start":{"line":3,"column":12},"end":{"line":3,"column":null}},"type":"binary-expr","locations":[{"start":{"line":3,"column":12},"end":{"line":3,"column":20}},{"start":{"line":3,"column":20},"end":{"line":3,"column":null}}]},"1":{"loc":{"start":{"line":23,"column":21},"end":{"line":23,"column":52}},"type":"binary-expr","locations":[{"start":{"line":23,"column":21},"end":{"line":23,"column":42}},{"start":{"line":23,"column":46},"end":{"line":23,"column":52}}]},"2":{"loc":{"start":{"line":24,"column":17},"end":{"line":24,"column":77}},"type":"binary-expr","locations":[{"start":{"line":24,"column":17},"end":{"line":24,"column":60}},{"start":{"line":24,"column":64},"end":{"line":24,"column":77}}]},"3":{"loc":{"start":{"line":29,"column":23},"end":{"line":29,"column":67}},"type":"cond-expr","locations":[{"start":{"line":29,"column":33},"end":{"line":29,"column":62}},{"start":{"line":29,"column":65},"end":{"line":29,"column":67}}]},"4":{"loc":{"start":{"line":38,"column":4},"end":{"line":40,"column":5}},"type":"if","locations":[{"start":{"line":38,"column":4},"end":{"line":40,"column":5}}]},"5":{"loc":{"start":{"line":44,"column":4},"end":{"line":46,"column":5}},"type":"if","locations":[{"start":{"line":44,"column":4},"end":{"line":46,"column":5}}]},"6":{"loc":{"start":{"line":50,"column":4},"end":{"line":52,"column":5}},"type":"if","locations":[{"start":{"line":50,"column":4},"end":{"line":52,"column":5}}]},"7":{"loc":{"start":{"line":56,"column":4},"end":{"line":58,"column":5}},"type":"if","locations":[{"start":{"line":56,"column":4},"end":{"line":58,"column":5}}]}},"s":{"0":0,"1":0,"2":0,"3":0,"4":0,"5":0,"6":0,"7":0,"8":0,"9":0,"10":0,"11":0,"12":0,"13":0,"14":0,"15":0,"16":0,"17":0,"18":0,"19":0,"20":0},"f":{"0":0,"1":0,"2":0,"3":0,"4":0,"5":0,"6":0,"7":0,"8":0},"b":{"0":[0,0],"1":[0,0],"2":[0,0],"3":[0,0],"4":[0],"5":[0],"6":[0],"7":[0]}}
,"/workspace/src/utils/render.ts": {"path":"/workspace/src/utils/render.ts","statementMap":{"0":{"start":{"line":3,"column":0},"end":{"line":3,"column":16}},"1":{"start":{"line":4,"column":26},"end":{"line":4,"column":28}},"2":{"start":{"line":5,"column":2},"end":{"line":5,"column":35}},"3":{"start":{"line":6,"column":2},"end":{"line":6,"column":17}},"4":{"start":{"line":7,"column":2},"end":{"line":7,"column":88}},"5":{"start":{"line":8,"column":2},"end":{"line":8,"column":93}},"6":{"start":{"line":9,"column":2},"end":{"line":9,"column":93}},"7":{"start":{"line":10,"column":2},"end":{"line":10,"column":77}},"8":{"start":{"line":11,"column":2},"end":{"line":11,"column":26}}},"fnMap":{"0":{"name":"renderRoundText","decl":{"start":{"line":3,"column":16},"end":{"line":3,"column":31}},"loc":{"start":{"line":3,"column":70},"end":{"line":12,"column":1}}}},"branchMap":{"0":{"loc":{"start":{"line":7,"column":13},"end":{"line":7,"column":86}},"type":"cond-expr","locations":[{"start":{"line":7,"column":34},"end":{"line":7,"column":66}},{"start":{"line":7,"column":69},"end":{"line":7,"column":86}}]},"1":{"loc":{"start":{"line":8,"column":13},"end":{"line":8,"column":91}},"type":"cond-expr","locations":[{"start":{"line":8,"column":31},"end":{"line":8,"column":65}},{"start":{"line":8,"column":68},"end":{"line":8,"column":91}}]},"2":{"loc":{"start":{"line":9,"column":13},"end":{"line":9,"column":91}},"type":"cond-expr","locations":[{"start":{"line":9,"column":31},"end":{"line":9,"column":65}},{"start":{"line":9,"column":68},"end":{"line":9,"column":91}}]},"3":{"loc":{"start":{"line":10,"column":13},"end":{"line":10,"column":75}},"type":"cond-expr","locations":[{"start":{"line":10,"column":32},"end":{"line":10,"column":56}},{"start":{"line":10,"column":59},"end":{"line":10,"column":75}}]}},"s":{"0":1,"1":3,"2":3,"3":3,"4":3,"5":3,"6":3,"7":3,"8":3},"f":{"0":3},"b":{"0":[2,1],"1":[1,2],"2":[1,2],"3":[1,2]}}
,"/workspace/src/utils/telegram-limits.ts": {"path":"/workspace/src/utils/telegram-limits.ts","statementMap":{"0":{"start":{"line":18,"column":0},"end":{"line":18,"column":16}},"1":{"start":{"line":25,"column":0},"end":{"line":25,"column":16}},"2":{"start":{"line":41,"column":0},"end":{"line":41,"column":16}},"3":{"start":{"line":74,"column":0},"end":{"line":74,"column":16}},"4":{"start":{"line":5,"column":13},"end":{"line":13,"column":11}},"5":{"start":{"line":19,"column":2},"end":{"line":19,"column":85}},"6":{"start":{"line":26,"column":2},"end":{"line":26,"column":44}},"7":{"start":{"line":26,"column":32},"end":{"line":26,"column":44}},"8":{"start":{"line":28,"column":17},"end":{"line":28,"column":26}},"9":{"start":{"line":29,"column":21},"end":{"line":29,"column":46}},"10":{"start":{"line":32,"column":22},"end":{"line":32,"column":56}},"11":{"start":{"line":33,"column":16},"end":{"line":33,"column":73}},"12":{"start":{"line":35,"column":2},"end":{"line":35,"column":43}},"13":{"start":{"line":42,"column":2},"end":{"line":42,"column":46}},"14":{"start":{"line":42,"column":32},"end":{"line":42,"column":46}},"15":{"start":{"line":44,"column":26},"end":{"line":44,"column":28}},"16":{"start":{"line":45,"column":18},"end":{"line":45,"column":22}},"17":{"start":{"line":47,"column":2},"end":{"line":66,"column":3}},"18":{"start":{"line":48,"column":4},"end":{"line":51,"column":5}},"19":{"start":{"line":49,"column":6},"end":{"line":49,"column":28}},"20":{"start":{"line":50,"column":6},"end":{"line":50,"column":12}},"21":{"start":{"line":54,"column":26},"end":{"line":54,"column":35}},"22":{"start":{"line":55,"column":24},"end":{"line":55,"column":62}},"23":{"start":{"line":56,"column":22},"end":{"line":56,"column":59}},"24":{"start":{"line":58,"column":4},"end":{"line":62,"column":5}},"25":{"start":{"line":59,"column":6},"end":{"line":59,"column":28}},"26":{"start":{"line":60,"column":11},"end":{"line":62,"column":5}},"27":{"start":{"line":61,"column":6},"end":{"line":61,"column":26}},"28":{"start":{"line":64,"column":4},"end":{"line":64,"column":55}},"29":{"start":{"line":65,"column":4},"end":{"line":65,"column":52}},"30":{"start":{"line":68,"column":2},"end":{"line":68,"column":15}},"31":{"start":{"line":75,"column":15},"end":{"line":75,"column":43}},"32":{"start":{"line":77,"column":2},"end":{"line":79,"column":3}},"33":{"start":{"line":78,"column":4},"end":{"line":78,"column":16}},"34":{"start":{"line":82,"column":17},"end":{"line":82,"column":34}},"35":{"start":{"line":83,"column":15},"end":{"line":83,"column":86}},"36":{"start":{"line":84,"column":19},"end":{"line":84,"column":40}},"37":{"start":{"line":86,"column":2},"end":{"line":86,"column":77}},"38":{"start":{"line":87,"column":2},"end":{"line":87,"column":18}}},"fnMap":{"0":{"name":"validateCallbackData","decl":{"start":{"line":18,"column":16},"end":{"line":18,"column":36}},"loc":{"start":{"line":18,"column":49},"end":{"line":20,"column":1}}},"1":{"name":"truncateMessage","decl":{"start":{"line":25,"column":16},"end":{"line":25,"column":31}},"loc":{"start":{"line":25,"column":92},"end":{"line":36,"column":1}}},"2":{"name":"splitLongMessage","decl":{"start":{"line":41,"column":16},"end":{"line":41,"column":32}},"loc":{"start":{"line":41,"column":93},"end":{"line":69,"column":1}}},"3":{"name":"safeCallbackData","decl":{"start":{"line":74,"column":16},"end":{"line":74,"column":32}},"loc":{"start":{"line":74,"column":78},"end":{"line":88,"column":1}}}},"branchMap":{"0":{"loc":{"start":{"line":25,"column":46},"end":{"line":25,"column":92}},"type":"default-arg","locations":[{"start":{"line":25,"column":58},"end":{"line":25,"column":92}}]},"1":{"loc":{"start":{"line":26,"column":2},"end":{"line":26,"column":44}},"type":"if","locations":[{"start":{"line":26,"column":2},"end":{"line":26,"column":44}}]},"2":{"loc":{"start":{"line":33,"column":16},"end":{"line":33,"column":73}},"type":"cond-expr","locations":[{"start":{"line":33,"column":49},"end":{"line":33,"column":60}},{"start":{"line":33,"column":63},"end":{"line":33,"column":73}}]},"3":{"loc":{"start":{"line":41,"column":47},"end":{"line":41,"column":93}},"type":"default-arg","locations":[{"start":{"line":41,"column":59},"end":{"line":41,"column":93}}]},"4":{"loc":{"start":{"line":42,"column":2},"end":{"line":42,"column":46}},"type":"if","locations":[{"start":{"line":42,"column":2},"end":{"line":42,"column":46}}]},"5":{"loc":{"start":{"line":48,"column":4},"end":{"line":51,"column":5}},"type":"if","locations":[{"start":{"line":48,"column":4},"end":{"line":51,"column":5}}]},"6":{"loc":{"start":{"line":58,"column":4},"end":{"line":62,"column":5}},"type":"if","locations":[{"start":{"line":58,"column":4},"end":{"line":62,"column":5}},{"start":{"line":60,"column":11},"end":{"line":62,"column":5}}]},"7":{"loc":{"start":{"line":60,"column":11},"end":{"line":62,"column":5}},"type":"if","locations":[{"start":{"line":60,"column":11},"end":{"line":62,"column":5}}]},"8":{"loc":{"start":{"line":77,"column":2},"end":{"line":79,"column":3}},"type":"if","locations":[{"start":{"line":77,"column":2},"end":{"line":79,"column":3}}]}},"s":{"0":1,"1":1,"2":1,"3":1,"4":1,"5":4,"6":2,"7":1,"8":1,"9":1,"10":1,"11":1,"12":1,"13":1,"14":0,"15":1,"16":1,"17":1,"18":2,"19":1,"20":1,"21":1,"22":1,"23":1,"24":1,"25":0,"26":1,"27":1,"28":1,"29":1,"30":1,"31":1,"32":1,"33":0,"34":1,"35":1,"36":1,"37":1,"38":1},"f":{"0":4,"1":2,"2":1,"3":1},"b":{"0":[2],"1":[1],"2":[0,1],"3":[1],"4":[0],"5":[1],"6":[0,1],"7":[1],"8":[0]}}
,"/workspace/src/utils/typing.ts": {"path":"/workspace/src/utils/typing.ts","statementMap":{"0":{"start":{"line":6,"column":0},"end":{"line":6,"column":7}},"1":{"start":{"line":35,"column":0},"end":{"line":35,"column":16}},"2":{"start":{"line":11,"column":2},"end":{"line":11,"column":42}},"3":{"start":{"line":14,"column":19},"end":{"line":20,"column":10}},"4":{"start":{"line":15,"column":4},"end":{"line":19,"column":5}},"5":{"start":{"line":16,"column":6},"end":{"line":16,"column":46}},"6":{"start":{"line":22,"column":2},"end":{"line":29,"column":3}},"7":{"start":{"line":24,"column":19},"end":{"line":24,"column":33}},"8":{"start":{"line":25,"column":4},"end":{"line":25,"column":18}},"9":{"start":{"line":28,"column":4},"end":{"line":28,"column":28}},"10":{"start":{"line":36,"column":2},"end":{"line":48,"column":4}},"11":{"start":{"line":41,"column":27},"end":{"line":41,"column":43}},"12":{"start":{"line":43,"column":4},"end":{"line":45,"column":6}},"13":{"start":{"line":44,"column":6},"end":{"line":44,"column":76}},"14":{"start":{"line":44,"column":35},"end":{"line":44,"column":74}},"15":{"start":{"line":47,"column":4},"end":{"line":47,"column":22}}},"fnMap":{"0":{"name":"withTyping","decl":{"start":{"line":6,"column":22},"end":{"line":6,"column":32}},"loc":{"start":{"line":8,"column":26},"end":{"line":30,"column":1}}},"1":{"name":"(anonymous_1)","decl":{"start":{"line":14,"column":31},"end":{"line":14,"column":36}},"loc":{"start":{"line":14,"column":42},"end":{"line":20,"column":3}}},"2":{"name":"Typing","decl":{"start":{"line":35,"column":16},"end":{"line":35,"column":22}},"loc":{"start":{"line":35,"column":22},"end":{"line":49,"column":1}}},"3":{"name":"(anonymous_3)","decl":{"start":{"line":36,"column":9},"end":{"line":36,"column":null}},"loc":{"start":{"line":39,"column":34},"end":{"line":48,"column":3}}},"4":{"name":"(anonymous_4)","decl":{"start":{"line":43,"column":23},"end":{"line":43,"column":28}},"loc":{"start":{"line":43,"column":67},"end":{"line":45,"column":5}}},"5":{"name":"(anonymous_5)","decl":{"start":{"line":44,"column":29},"end":{"line":44,"column":32}},"loc":{"start":{"line":44,"column":35},"end":{"line":44,"column":74}}}},"branchMap":{},"s":{"0":0,"1":0,"2":0,"3":0,"4":0,"5":0,"6":0,"7":0,"8":0,"9":0,"10":0,"11":0,"12":0,"13":0,"14":0,"15":0},"f":{"0":0,"1":0,"2":0,"3":0,"4":0,"5":0},"b":{}}
,"/workspace/src/verification/wiki.ts": {"path":"/workspace/src/verification/wiki.ts","statementMap":{"0":{"start":{"line":7,"column":0},"end":{"line":7,"column":7}},"1":{"start":{"line":8,"column":21},"end":{"line":8,"column":42}},"2":{"start":{"line":9,"column":18},"end":{"line":9,"column":60}},"3":{"start":{"line":9,"column":35},"end":{"line":9,"column":53}},"4":{"start":{"line":13,"column":4},"end":{"line":22,"column":5}},"5":{"start":{"line":13,"column":17},"end":{"line":13,"column":18}},"6":{"start":{"line":14,"column":6},"end":{"line":20,"column":7}},"7":{"start":{"line":15,"column":21},"end":{"line":15,"column":85}},"8":{"start":{"line":16,"column":8},"end":{"line":16,"column":33}},"9":{"start":{"line":16,"column":21},"end":{"line":16,"column":33}},"10":{"start":{"line":17,"column":8},"end":{"line":17,"column":53}},"11":{"start":{"line":19,"column":8},"end":{"line":19,"column":20}},"12":{"start":{"line":21,"column":6},"end":{"line":21,"column":74}},"13":{"start":{"line":21,"column":29},"end":{"line":21,"column":72}},"14":{"start":{"line":23,"column":4},"end":{"line":23,"column":47}},"15":{"start":{"line":26,"column":2},"end":{"line":58,"column":3}},"16":{"start":{"line":27,"column":18},"end":{"line":27,"column":20}},"17":{"start":{"line":28,"column":4},"end":{"line":36,"column":5}},"18":{"start":{"line":29,"column":25},"end":{"line":29,"column":58}},"19":{"start":{"line":30,"column":6},"end":{"line":35,"column":7}},"20":{"start":{"line":31,"column":22},"end":{"line":31,"column":55}},"21":{"start":{"line":32,"column":21},"end":{"line":32,"column":117}},"22":{"start":{"line":33,"column":21},"end":{"line":33,"column":38}},"23":{"start":{"line":34,"column":8},"end":{"line":34,"column":42}},"24":{"start":{"line":37,"column":4},"end":{"line":48,"column":5}},"25":{"start":{"line":38,"column":16},"end":{"line":38,"column":54}},"26":{"start":{"line":39,"column":17},"end":{"line":39,"column":149}},"27":{"start":{"line":40,"column":19},"end":{"line":40,"column":34}},"28":{"start":{"line":41,"column":19},"end":{"line":41,"column":43}},"29":{"start":{"line":42,"column":6},"end":{"line":47,"column":7}},"30":{"start":{"line":43,"column":22},"end":{"line":43,"column":32}},"31":{"start":{"line":44,"column":21},"end":{"line":44,"column":117}},"32":{"start":{"line":45,"column":20},"end":{"line":45,"column":37}},"33":{"start":{"line":46,"column":8},"end":{"line":46,"column":41}},"34":{"start":{"line":49,"column":4},"end":{"line":49,"column":61}},"35":{"start":{"line":49,"column":18},"end":{"line":49,"column":61}},"36":{"start":{"line":50,"column":30},"end":{"line":50,"column":51}},"37":{"start":{"line":51,"column":19},"end":{"line":51,"column":91}},"38":{"start":{"line":51,"column":65},"end":{"line":51,"column":78}},"39":{"start":{"line":52,"column":17},"end":{"line":52,"column":75}},"40":{"start":{"line":52,"column":38},"end":{"line":52,"column":67}},"41":{"start":{"line":53,"column":4},"end":{"line":53,"column":69}},"42":{"start":{"line":55,"column":4},"end":{"line":55,"column":97}},"43":{"start":{"line":57,"column":4},"end":{"line":57,"column":26}}},"fnMap":{"0":{"name":"verifyWithWikipedia","decl":{"start":{"line":7,"column":22},"end":{"line":7,"column":41}},"loc":{"start":{"line":7,"column":74},"end":{"line":59,"column":1}}},"1":{"name":"(anonymous_1)","decl":{"start":{"line":9,"column":29},"end":{"line":9,"column":32}},"loc":{"start":{"line":9,"column":35},"end":{"line":9,"column":53}}},"2":{"name":"tryFetch","decl":{"start":{"line":11,"column":17},"end":{"line":11,"column":25}},"loc":{"start":{"line":11,"column":106},"end":{"line":24,"column":3}}},"3":{"name":"(anonymous_3)","decl":{"start":{"line":21,"column":24},"end":{"line":21,"column":25}},"loc":{"start":{"line":21,"column":29},"end":{"line":21,"column":72}}},"4":{"name":"(anonymous_4)","decl":{"start":{"line":51,"column":58},"end":{"line":51,"column":59}},"loc":{"start":{"line":51,"column":65},"end":{"line":51,"column":78}}},"5":{"name":"(anonymous_5)","decl":{"start":{"line":52,"column":31},"end":{"line":52,"column":32}},"loc":{"start":{"line":52,"column":38},"end":{"line":52,"column":67}}}},"branchMap":{"0":{"loc":{"start":{"line":11,"column":59},"end":{"line":11,"column":79}},"type":"default-arg","locations":[{"start":{"line":11,"column":78},"end":{"line":11,"column":79}}]},"1":{"loc":{"start":{"line":11,"column":81},"end":{"line":11,"column":106}},"type":"default-arg","locations":[{"start":{"line":11,"column":103},"end":{"line":11,"column":106}}]},"2":{"loc":{"start":{"line":15,"column":44},"end":{"line":15,"column":54}},"type":"binary-expr","locations":[{"start":{"line":15,"column":44},"end":{"line":15,"column":48}},{"start":{"line":15,"column":52},"end":{"line":15,"column":54}}]},"3":{"loc":{"start":{"line":16,"column":8},"end":{"line":16,"column":33}},"type":"if","locations":[{"start":{"line":16,"column":8},"end":{"line":16,"column":33}}]},"4":{"loc":{"start":{"line":23,"column":10},"end":{"line":23,"column":46}},"type":"binary-expr","locations":[{"start":{"line":23,"column":10},"end":{"line":23,"column":17}},{"start":{"line":23,"column":21},"end":{"line":23,"column":46}}]},"5":{"loc":{"start":{"line":28,"column":4},"end":{"line":36,"column":5}},"type":"if","locations":[{"start":{"line":28,"column":4},"end":{"line":36,"column":5}}]},"6":{"loc":{"start":{"line":28,"column":8},"end":{"line":28,"column":56}},"type":"binary-expr","locations":[{"start":{"line":28,"column":8},"end":{"line":28,"column":17}},{"start":{"line":28,"column":21},"end":{"line":28,"column":56}}]},"7":{"loc":{"start":{"line":30,"column":6},"end":{"line":35,"column":7}},"type":"if","locations":[{"start":{"line":30,"column":6},"end":{"line":35,"column":7}}]},"8":{"loc":{"start":{"line":34,"column":21},"end":{"line":34,"column":39}},"type":"binary-expr","locations":[{"start":{"line":34,"column":21},"end":{"line":34,"column":33}},{"start":{"line":34,"column":37},"end":{"line":34,"column":39}}]},"9":{"loc":{"start":{"line":37,"column":4},"end":{"line":48,"column":5}},"type":"if","locations":[{"start":{"line":37,"column":4},"end":{"line":48,"column":5}}]},"10":{"loc":{"start":{"line":42,"column":6},"end":{"line":47,"column":7}},"type":"if","locations":[{"start":{"line":42,"column":6},"end":{"line":47,"column":7}}]},"11":{"loc":{"start":{"line":46,"column":21},"end":{"line":46,"column":38}},"type":"binary-expr","locations":[{"start":{"line":46,"column":21},"end":{"line":46,"column":32}},{"start":{"line":46,"column":36},"end":{"line":46,"column":38}}]},"12":{"loc":{"start":{"line":49,"column":4},"end":{"line":49,"column":61}},"type":"if","locations":[{"start":{"line":49,"column":4},"end":{"line":49,"column":61}}]},"13":{"loc":{"start":{"line":55,"column":32},"end":{"line":55,"column":94}},"type":"cond-expr","locations":[{"start":{"line":55,"column":59},"end":{"line":55,"column":68}},{"start":{"line":55,"column":72},"end":{"line":55,"column":93}}]},"14":{"loc":{"start":{"line":55,"column":72},"end":{"line":55,"column":93}},"type":"binary-expr","locations":[{"start":{"line":55,"column":72},"end":{"line":55,"column":82}},{"start":{"line":55,"column":86},"end":{"line":55,"column":93}}]}},"s":{"0":0,"1":0,"2":0,"3":0,"4":0,"5":0,"6":0,"7":0,"8":0,"9":0,"10":0,"11":0,"12":0,"13":0,"14":0,"15":0,"16":0,"17":0,"18":0,"19":0,"20":0,"21":0,"22":0,"23":0,"24":0,"25":0,"26":0,"27":0,"28":0,"29":0,"30":0,"31":0,"32":0,"33":0,"34":0,"35":0,"36":0,"37":0,"38":0,"39":0,"40":0,"41":0,"42":0,"43":0},"f":{"0":0,"1":0,"2":0,"3":0,"4":0,"5":0},"b":{"0":[0],"1":[0],"2":[0,0],"3":[0],"4":[0,0],"5":[0],"6":[0,0],"7":[0],"8":[0,0],"9":[0],"10":[0],"11":[0,0],"12":[0],"13":[0,0],"14":[0,0]}}
}
