TN:
SF:src/config/manager.ts
FN:66,(anonymous_0)
FN:71,(anonymous_1)
FN:78,(anonymous_2)
FN:91,(anonymous_3)
FN:100,(anonymous_4)
FN:104,(anonymous_5)
FN:110,(anonymous_6)
FN:114,(anonymous_7)
FN:119,(anonymous_8)
FN:123,(anonymous_9)
FN:130,(anonymous_10)
FN:139,(anonymous_11)
FN:140,(anonymous_12)
FN:143,(anonymous_13)
FN:144,(anonymous_14)
FN:147,(anonymous_15)
FN:149,(anonymous_16)
FN:157,(anonymous_17)
FN:163,(anonymous_18)
FN:164,(anonymous_19)
FN:169,(anonymous_20)
FN:174,(anonymous_21)
FN:181,(anonymous_22)
FNF:23
FNH:0
FNDA:0,(anonymous_0)
FNDA:0,(anonymous_1)
FNDA:0,(anonymous_2)
FNDA:0,(anonymous_3)
FNDA:0,(anonymous_4)
FNDA:0,(anonymous_5)
FNDA:0,(anonymous_6)
FNDA:0,(anonymous_7)
FNDA:0,(anonymous_8)
FNDA:0,(anonymous_9)
FNDA:0,(anonymous_10)
FNDA:0,(anonymous_11)
FNDA:0,(anonymous_12)
FNDA:0,(anonymous_13)
FNDA:0,(anonymous_14)
FNDA:0,(anonymous_15)
FNDA:0,(anonymous_16)
FNDA:0,(anonymous_17)
FNDA:0,(anonymous_18)
FNDA:0,(anonymous_19)
FNDA:0,(anonymous_20)
FNDA:0,(anonymous_21)
FNDA:0,(anonymous_22)
DA:1,0
DA:2,0
DA:3,0
DA:6,0
DA:16,0
DA:61,0
DA:67,0
DA:68,0
DA:72,0
DA:73,0
DA:75,0
DA:79,0
DA:80,0
DA:81,0
DA:82,0
DA:84,0
DA:85,0
DA:86,0
DA:87,0
DA:92,0
DA:93,0
DA:94,0
DA:96,0
DA:101,0
DA:105,0
DA:106,0
DA:107,0
DA:111,0
DA:115,0
DA:120,0
DA:125,0
DA:126,0
DA:131,0
DA:140,0
DA:144,0
DA:148,0
DA:149,0
DA:150,0
DA:152,0
DA:153,0
DA:154,0
DA:158,0
DA:159,0
DA:160,0
DA:164,0
DA:165,0
DA:170,0
DA:175,0
DA:182,0
LF:49
LH:0
BRDA:67,0,0,0
BRDA:67,0,1,0
BRDA:72,1,0,0
BRDA:120,2,0,0
BRDA:120,2,1,0
BRDA:150,3,0,0
BRDA:176,4,0,0
BRDA:176,4,1,0
BRF:8
BRH:0
end_of_record
TN:
SF:src/content/provider.ts
FN:7,shuffleInPlace
FN:15,loadPack
FN:23,(anonymous_3)
FNF:3
FNH:0
FNDA:0,shuffleInPlace
FNDA:0,loadPack
FNDA:0,(anonymous_3)
DA:1,0
DA:2,0
DA:5,0
DA:7,0
DA:8,0
DA:9,0
DA:10,0
DA:12,0
DA:15,0
DA:16,0
DA:17,0
DA:18,0
DA:19,0
DA:20,0
DA:21,0
DA:23,0
DA:24,0
DA:25,0
DA:26,0
DA:27,0
DA:28,0
DA:34,0
LF:22
LH:0
BRDA:20,0,0,0
BRDA:24,1,0,0
BRDA:25,2,0,0
BRDA:26,3,0,0
BRDA:27,4,0,0
BRDA:29,5,0,0
BRDA:29,5,1,0
BRDA:29,5,2,0
BRF:8
BRH:0
end_of_record
TN:
SF:src/content/validate.ts
FN:32,validateDomainsDistinct
FN:49,validateNoBannedPatterns
FN:50,(anonymous_2)
FNF:3
FNH:3
FNDA:2,validateDomainsDistinct
FNDA:8,validateNoBannedPatterns
FNDA:34,(anonymous_2)
DA:1,1
DA:4,1
DA:15,1
DA:23,1
DA:30,1
DA:32,1
DA:33,2
DA:34,2
DA:37,1
DA:49,1
DA:50,34
LF:11
LH:11
BRF:0
BRH:0
end_of_record
TN:
SF:src/data/sampleRounds.ts
FNF:0
FNH:0
DA:4,0
LF:1
LH:0
BRF:0
BRH:0
end_of_record
TN:
SF:src/db/client.ts
FN:8,openDb
FN:15,(anonymous_2)
FNF:2
FNH:0
FNDA:0,openDb
FNDA:0,(anonymous_2)
DA:1,0
DA:2,0
DA:3,0
DA:5,0
DA:6,0
DA:8,0
DA:9,0
DA:10,0
DA:11,0
DA:14,0
DA:15,0
DA:16,0
DA:17,0
DA:19,0
DA:20,0
DA:21,0
DA:24,0
LF:17
LH:0
BRDA:5,0,0,0
BRDA:5,0,1,0
BRDA:16,1,0,0
BRDA:19,2,0,0
BRF:4
BRH:0
end_of_record
TN:
SF:src/db/feedback.ts
FN:3,saveRoundFeedback
FNF:1
FNH:0
FNDA:0,saveRoundFeedback
DA:3,0
DA:4,0
DA:9,0
LF:3
LH:0
BRDA:9,0,0,0
BRDA:9,0,1,0
BRDA:9,1,0,0
BRDA:9,1,1,0
BRF:4
BRH:0
end_of_record
TN:
SF:src/db/quality.ts
FN:3,recomputeFactRatings
FN:16,quarantineLowQualityFacts
FN:31,getQualityReport
FNF:3
FNH:0
FNDA:0,recomputeFactRatings
FNDA:0,quarantineLowQualityFacts
FNDA:0,getQualityReport
DA:3,0
DA:5,0
DA:16,0
DA:18,0
DA:31,0
DA:32,0
DA:39,0
DA:47,0
LF:8
LH:0
BRDA:16,0,0,0
BRDA:16,1,0,0
BRF:2
BRH:0
end_of_record
TN:
SF:src/db/repository.ts
FN:30,(anonymous_0)
FN:32,(anonymous_1)
FN:55,(anonymous_2)
FN:68,(anonymous_3)
FN:76,(anonymous_4)
FN:96,(anonymous_5)
FN:116,(anonymous_6)
FN:121,(anonymous_7)
FN:136,(anonymous_8)
FN:148,(anonymous_9)
FN:152,(anonymous_10)
FN:161,(anonymous_11)
FN:166,(anonymous_12)
FN:168,(anonymous_13)
FN:188,(anonymous_14)
FN:198,(anonymous_15)
FNF:16
FNH:0
FNDA:0,(anonymous_0)
FNDA:0,(anonymous_1)
FNDA:0,(anonymous_2)
FNDA:0,(anonymous_3)
FNDA:0,(anonymous_4)
FNDA:0,(anonymous_5)
FNDA:0,(anonymous_6)
FNDA:0,(anonymous_7)
FNDA:0,(anonymous_8)
FNDA:0,(anonymous_9)
FNDA:0,(anonymous_10)
FNDA:0,(anonymous_11)
FNDA:0,(anonymous_12)
FNDA:0,(anonymous_13)
FNDA:0,(anonymous_14)
FNDA:0,(anonymous_15)
DA:3,0
DA:29,0
DA:30,0
DA:33,0
DA:45,0
DA:47,0
DA:56,0
DA:68,0
DA:77,0
DA:78,0
DA:80,0
DA:95,0
DA:96,0
DA:99,0
DA:100,0
DA:102,0
DA:103,0
DA:104,0
DA:107,0
DA:118,0
DA:122,0
DA:127,0
DA:128,0
DA:130,0
DA:136,0
DA:137,0
DA:138,0
DA:139,0
DA:140,0
DA:141,0
DA:142,0
DA:145,0
DA:149,0
DA:153,0
DA:161,0
DA:165,0
DA:166,0
DA:169,0
DA:170,0
DA:177,0
DA:178,0
DA:185,0
DA:189,0
DA:195,0
DA:199,0
DA:206,0
DA:207,0
DA:208,0
DA:211,0
LF:49
LH:0
BRDA:45,0,0,0
BRDA:95,1,0,0
BRDA:95,1,1,0
BRDA:99,2,0,0
BRDA:99,2,1,0
BRDA:102,3,0,0
BRDA:128,4,0,0
BRDA:152,5,0,0
BRDA:169,6,0,0
BRDA:169,7,0,0
BRDA:169,7,1,0
BRDA:177,8,0,0
BRF:12
BRH:0
end_of_record
TN:
SF:src/db/rounds.ts
FN:4,getRoundBundleById
FNF:1
FNH:0
FNDA:0,getRoundBundleById
DA:4,0
DA:5,0
DA:16,0
DA:17,0
DA:41,0
LF:5
LH:0
BRDA:16,0,0,0
BRDA:24,1,0,0
BRDA:24,1,1,0
BRDA:31,2,0,0
BRDA:31,2,1,0
BRDA:38,3,0,0
BRDA:38,3,1,0
BRF:7
BRH:0
end_of_record
TN:
SF:src/db/selector.ts
FN:8,selectNextRound
FN:49,markRoundSeen
FNF:2
FNH:0
FNDA:0,selectNextRound
FNDA:0,markRoundSeen
DA:8,0
DA:10,0
DA:11,0
DA:12,0
DA:15,0
DA:44,0
DA:45,0
DA:46,0
DA:49,0
DA:50,0
DA:53,0
LF:11
LH:0
BRDA:45,0,0,0
BRF:1
BRH:0
end_of_record
TN:
SF:src/db/upsert.ts
FN:5,getFactIdByHash
FN:10,insertOrUpdateFact
FN:23,ensureFactsAndRound
FNF:3
FNH:0
FNDA:0,getFactIdByHash
FNDA:0,insertOrUpdateFact
FNDA:0,ensureFactsAndRound
DA:3,0
DA:6,0
DA:7,0
DA:11,0
DA:12,0
DA:13,0
DA:14,0
DA:19,0
DA:20,0
DA:23,0
DA:24,0
DA:25,0
DA:26,0
DA:27,0
DA:28,0
DA:29,0
DA:30,0
DA:35,0
DA:36,0
LF:19
LH:0
BRDA:7,0,0,0
BRDA:7,0,1,0
BRDA:11,1,0,0
BRDA:11,1,1,0
BRDA:13,2,0,0
BRDA:13,2,1,0
BRDA:19,3,0,0
BRDA:19,3,1,0
BRDA:29,4,0,0
BRDA:29,4,1,0
BRF:10
BRH:0
end_of_record
TN:
SF:src/generation/generator.ts
FN:28,getClient
FN:38,buildModelCandidates
FN:49,validateGenerated
FN:63,generateOneRound
FN:71,(anonymous_14)
FNF:5
FNH:0
FNDA:0,getClient
FNDA:0,buildModelCandidates
FNDA:0,validateGenerated
FNDA:0,generateOneRound
FNDA:0,(anonymous_14)
DA:1,0
DA:2,0
DA:4,0
DA:5,0
DA:7,0
DA:13,0
DA:29,0
DA:30,0
DA:31,0
DA:32,0
DA:33,0
DA:34,0
DA:35,0
DA:39,0
DA:40,0
DA:41,0
DA:43,0
DA:44,0
DA:46,0
DA:50,0
DA:56,0
DA:58,0
DA:59,0
DA:63,0
DA:64,0
DA:67,0
DA:69,0
DA:71,0
DA:72,0
DA:76,0
DA:78,0
DA:79,0
DA:80,0
DA:82,0
DA:83,0
DA:85,0
DA:86,0
DA:87,0
DA:88,0
DA:98,0
DA:99,0
DA:100,0
DA:101,0
DA:103,0
DA:104,0
DA:106,0
DA:112,0
LF:47
LH:0
BRDA:29,0,0,0
BRDA:29,0,1,0
BRDA:30,1,0,0
BRDA:30,1,1,0
BRDA:31,2,0,0
BRDA:33,3,0,0
BRDA:34,4,0,0
BRDA:40,5,0,0
BRDA:40,5,1,0
BRDA:40,5,2,0
BRDA:43,6,0,0
BRDA:50,7,0,0
BRDA:58,8,0,0
BRDA:58,9,0,0
BRDA:58,9,1,0
BRDA:58,9,2,0
BRDA:63,10,0,0
BRDA:67,11,0,0
BRDA:67,11,1,0
BRDA:69,12,0,0
BRDA:78,13,0,0
BRDA:78,13,1,0
BRDA:79,14,0,0
BRDA:79,14,1,0
BRDA:82,15,0,0
BRDA:82,15,1,0
BRDA:98,16,0,0
BRDA:98,16,1,0
BRDA:101,17,0,0
BRDA:112,18,0,0
BRDA:112,18,1,0
BRF:31
BRH:0
end_of_record
TN:
SF:src/generation/prompt.ts
FNF:0
FNH:0
DA:1,0
LF:1
LH:0
BRF:0
BRH:0
end_of_record
TN:
SF:src/generation/sgr-generator.ts
FN:34,(anonymous_1)
FN:43,(anonymous_2)
FN:45,(anonymous_3)
FN:46,(anonymous_4)
FN:56,(anonymous_5)
FN:57,(anonymous_6)
FN:58,(anonymous_7)
FN:59,(anonymous_8)
FN:69,(anonymous_9)
FN:71,(anonymous_10)
FN:78,getClient
FN:91,buildMessages
FN:111,generateWithSGR
FN:212,sgrToLegacyFormat
FN:234,generateOneRoundSGR
FNF:15
FNH:0
FNDA:0,(anonymous_1)
FNDA:0,(anonymous_2)
FNDA:0,(anonymous_3)
FNDA:0,(anonymous_4)
FNDA:0,(anonymous_5)
FNDA:0,(anonymous_6)
FNDA:0,(anonymous_7)
FNDA:0,(anonymous_8)
FNDA:0,(anonymous_9)
FNDA:0,(anonymous_10)
FNDA:0,getClient
FNDA:0,buildMessages
FNDA:0,generateWithSGR
FNDA:0,sgrToLegacyFormat
FNDA:0,generateOneRoundSGR
DA:1,0
DA:3,0
DA:10,0
DA:11,0
DA:32,0
DA:35,0
DA:38,0
DA:39,0
DA:44,0
DA:45,0
DA:46,0
DA:47,0
DA:48,0
DA:50,0
DA:51,0
DA:52,0
DA:56,0
DA:57,0
DA:58,0
DA:59,0
DA:60,0
DA:63,0
DA:69,0
DA:71,0
DA:76,0
DA:79,0
DA:80,0
DA:82,0
DA:84,0
DA:85,0
DA:86,0
DA:88,0
DA:92,0
DA:99,0
DA:100,0
DA:103,0
DA:108,0
DA:111,0
DA:112,0
DA:113,0
DA:115,0
DA:116,0
DA:117,0
DA:119,0
DA:120,0
DA:122,0
DA:123,0
DA:125,0
DA:126,0
DA:128,0
DA:129,0
DA:131,0
DA:132,0
DA:133,0
DA:136,0
DA:142,0
DA:145,0
DA:148,0
DA:149,0
DA:150,0
DA:153,0
DA:154,0
DA:157,0
DA:164,0
DA:171,0
DA:174,0
DA:175,0
DA:181,0
DA:182,0
DA:184,0
DA:185,0
DA:191,0
DA:200,0
DA:208,0
DA:212,0
DA:213,0
DA:234,0
DA:235,0
DA:236,0
LF:79
LH:0
BRDA:38,0,0,0
BRDA:47,1,0,0
BRDA:51,2,0,0
BRDA:66,3,0,0
BRDA:66,3,1,0
BRDA:69,4,0,0
BRDA:69,4,1,0
BRDA:79,5,0,0
BRDA:79,5,1,0
BRDA:80,6,0,0
BRDA:80,6,1,0
BRDA:82,7,0,0
BRDA:85,8,0,0
BRDA:86,9,0,0
BRDA:99,10,0,0
BRDA:111,11,0,0
BRDA:115,12,0,0
BRDA:115,12,1,0
BRDA:115,12,2,0
BRDA:116,13,0,0
BRDA:116,13,1,0
BRDA:116,13,2,0
BRDA:117,14,0,0
BRDA:117,14,1,0
BRDA:132,15,0,0
BRDA:142,16,0,0
BRDA:142,16,1,0
BRDA:149,17,0,0
BRDA:181,18,0,0
BRDA:181,19,0,0
BRDA:181,19,1,0
BRDA:205,20,0,0
BRDA:205,20,1,0
BRDA:208,21,0,0
BRDA:208,21,1,0
BRDA:234,22,0,0
BRF:36
BRH:0
end_of_record
TN:
SF:src/generation/sgr-schema.ts
FN:91,validateLockStockGeneration
FN:151,getModelConfig
FNF:2
FNH:0
FNDA:0,validateLockStockGeneration
FNDA:0,getModelConfig
DA:1,0
DA:4,0
DA:20,0
DA:38,0
DA:64,0
DA:91,0
DA:92,0
DA:95,0
DA:96,0
DA:98,0
DA:99,0
DA:103,0
DA:109,0
DA:111,0
DA:112,0
DA:113,0
DA:114,0
DA:119,0
DA:123,0
DA:151,0
DA:152,0
DA:154,0
LF:22
LH:0
BRDA:98,0,0,0
BRDA:113,1,0,0
BRDA:152,2,0,0
BRDA:152,2,1,0
BRF:4
BRH:0
end_of_record
TN:
SF:src/handlers/admin.ts
FN:12,isAdmin
FN:18,handleAdminMenu
FN:46,handleAdminModel
FN:74,handleAdminModelChange
FN:106,handleAdminSetModel
FN:122,handleAdminPrompt
FN:149,handleAdminPromptEdit
FN:163,handleAdminGame
FN:195,handleAdminStats
FN:199,(anonymous_18)
FN:200,(anonymous_19)
FN:271,handleAdminTextInput
FN:457,handleAdminClose
FN:461,handleAdminPromptReset
FN:475,handleAdminPromptShow
FN:504,handleAdminModelTemp
FN:521,handleAdminModelAttempts
FN:544,handleAdminSetAttempts
FN:559,handleAdminGameFree
FN:573,handleAdminGamePremium
FN:588,handleAdminGameVerify
FN:606,handleAdminPackages
FN:637,handleAdminPackageEdit
FN:674,handleAdminTimers
FN:697,handleAdminLimits
FN:723,handleAdminNotifications
FN:750,handleAdminMaintenance
FN:778,handleAdminToggleMaintenance
FN:795,handleAdminToggleNotifications
FN:813,handleAdminEditWelcome
FN:829,handleAdminEditMaintenance
FN:844,handleAdminPackageName
FN:858,handleAdminPackageRounds
FN:872,handleAdminPackagePrice
FN:886,handleAdminPackageToggle
FN:908,handleAdminPackageDelete
FN:923,handleAdminTimerDefault
FN:938,handleAdminTimerMax
FN:954,handleAdminLimitSession
FN:969,handleAdminLimitSkip
FN:984,handleAdminLimitDaily
FN:1000,handleAdminStatsAI
FN:1004,(anonymous_51)
FN:1027,(anonymous_52)
FN:1042,handleAdminStatsFinance
FN:1046,(anonymous_54)
FN:1083,handleAdminStatsGames
FN:1087,(anonymous_56)
FN:1110,(anonymous_57)
FN:1127,handleAdminStatsCharts
FN:1154,handleAdminChart
FN:1158,(anonymous_60)
FN:1171,(anonymous_61)
FN:1189,(anonymous_62)
FN:1205,getMetricName
FN:1216,handleAdminModelSGR
FN:1247,handleAdminToggleSGR
FN:1264,handleAdminToggleExamples
FNF:58
FNH:0
FNDA:0,isAdmin
FNDA:0,handleAdminMenu
FNDA:0,handleAdminModel
FNDA:0,handleAdminModelChange
FNDA:0,handleAdminSetModel
FNDA:0,handleAdminPrompt
FNDA:0,handleAdminPromptEdit
FNDA:0,handleAdminGame
FNDA:0,handleAdminStats
FNDA:0,(anonymous_18)
FNDA:0,(anonymous_19)
FNDA:0,handleAdminTextInput
FNDA:0,handleAdminClose
FNDA:0,handleAdminPromptReset
FNDA:0,handleAdminPromptShow
FNDA:0,handleAdminModelTemp
FNDA:0,handleAdminModelAttempts
FNDA:0,handleAdminSetAttempts
FNDA:0,handleAdminGameFree
FNDA:0,handleAdminGamePremium
FNDA:0,handleAdminGameVerify
FNDA:0,handleAdminPackages
FNDA:0,handleAdminPackageEdit
FNDA:0,handleAdminTimers
FNDA:0,handleAdminLimits
FNDA:0,handleAdminNotifications
FNDA:0,handleAdminMaintenance
FNDA:0,handleAdminToggleMaintenance
FNDA:0,handleAdminToggleNotifications
FNDA:0,handleAdminEditWelcome
FNDA:0,handleAdminEditMaintenance
FNDA:0,handleAdminPackageName
FNDA:0,handleAdminPackageRounds
FNDA:0,handleAdminPackagePrice
FNDA:0,handleAdminPackageToggle
FNDA:0,handleAdminPackageDelete
FNDA:0,handleAdminTimerDefault
FNDA:0,handleAdminTimerMax
FNDA:0,handleAdminLimitSession
FNDA:0,handleAdminLimitSkip
FNDA:0,handleAdminLimitDaily
FNDA:0,handleAdminStatsAI
FNDA:0,(anonymous_51)
FNDA:0,(anonymous_52)
FNDA:0,handleAdminStatsFinance
FNDA:0,(anonymous_54)
FNDA:0,handleAdminStatsGames
FNDA:0,(anonymous_56)
FNDA:0,(anonymous_57)
FNDA:0,handleAdminStatsCharts
FNDA:0,handleAdminChart
FNDA:0,(anonymous_60)
FNDA:0,(anonymous_61)
FNDA:0,(anonymous_62)
FNDA:0,getMetricName
FNDA:0,handleAdminModelSGR
FNDA:0,handleAdminToggleSGR
FNDA:0,handleAdminToggleExamples
DA:1,0
DA:2,0
DA:3,0
DA:12,0
DA:13,0
DA:14,0
DA:18,0
DA:19,0
DA:20,0
DA:21,0
DA:24,0
DA:36,0
DA:46,0
DA:47,0
DA:49,0
DA:50,0
DA:52,0
DA:61,0
DA:74,0
DA:75,0
DA:77,0
DA:87,0
DA:89,0
DA:90,0
DA:93,0
DA:95,0
DA:106,0
DA:107,0
DA:109,0
DA:110,0
DA:111,0
DA:113,0
DA:114,0
DA:116,0
DA:117,0
DA:122,0
DA:123,0
DA:125,0
DA:126,0
DA:127,0
DA:129,0
DA:137,0
DA:149,0
DA:150,0
DA:152,0
DA:154,0
DA:163,0
DA:164,0
DA:166,0
DA:168,0
DA:180,0
DA:195,0
DA:196,0
DA:198,0
DA:199,0
DA:200,0
DA:202,0
DA:203,0
DA:204,0
DA:206,0
DA:216,0
DA:248,0
DA:253,0
DA:255,0
DA:258,0
DA:271,0
DA:275,0
DA:277,0
DA:278,0
DA:281,0
DA:282,0
DA:283,0
DA:284,0
DA:285,0
DA:288,0
DA:290,0
DA:292,0
DA:293,0
DA:294,0
DA:296,0
DA:300,0
DA:302,0
DA:303,0
DA:304,0
DA:308,0
DA:309,0
DA:310,0
DA:311,0
DA:312,0
DA:315,0
DA:316,0
DA:318,0
DA:319,0
DA:321,0
DA:322,0
DA:327,0
DA:328,0
DA:329,0
DA:330,0
DA:331,0
DA:334,0
DA:335,0
DA:336,0
DA:338,0
DA:339,0
DA:341,0
DA:342,0
DA:348,0
DA:349,0
DA:350,0
DA:351,0
DA:352,0
DA:355,0
DA:357,0
DA:358,0
DA:359,0
DA:360,0
DA:361,0
DA:362,0
DA:363,0
DA:365,0
DA:367,0
DA:368,0
DA:369,0
DA:370,0
DA:372,0
DA:375,0
DA:376,0
DA:377,0
DA:379,0
DA:380,0
DA:382,0
DA:383,0
DA:387,0
DA:388,0
DA:389,0
DA:391,0
DA:392,0
DA:393,0
DA:396,0
DA:397,0
DA:398,0
DA:400,0
DA:401,0
DA:403,0
DA:404,0
DA:408,0
DA:409,0
DA:410,0
DA:412,0
DA:413,0
DA:414,0
DA:417,0
DA:418,0
DA:419,0
DA:421,0
DA:422,0
DA:424,0
DA:425,0
DA:429,0
DA:430,0
DA:431,0
DA:433,0
DA:434,0
DA:436,0
DA:437,0
DA:441,0
DA:442,0
DA:443,0
DA:445,0
DA:446,0
DA:448,0
DA:449,0
DA:453,0
DA:457,0
DA:458,0
DA:461,0
DA:462,0
DA:464,0
DA:465,0
DA:466,0
DA:468,0
DA:469,0
DA:471,0
DA:475,0
DA:476,0
DA:478,0
DA:479,0
DA:482,0
DA:483,0
DA:484,0
DA:485,0
DA:486,0
DA:487,0
DA:488,0
DA:490,0
DA:496,0
DA:504,0
DA:505,0
DA:507,0
DA:509,0
DA:521,0
DA:522,0
DA:524,0
DA:526,0
DA:527,0
DA:528,0
DA:531,0
DA:533,0
DA:544,0
DA:545,0
DA:547,0
DA:548,0
DA:549,0
DA:551,0
DA:552,0
DA:554,0
DA:559,0
DA:560,0
DA:562,0
DA:564,0
DA:573,0
DA:574,0
DA:576,0
DA:578,0
DA:588,0
DA:589,0
DA:591,0
DA:592,0
DA:593,0
DA:594,0
DA:596,0
DA:599,0
DA:601,0
DA:606,0
DA:607,0
DA:609,0
DA:610,0
DA:612,0
DA:614,0
DA:615,0
DA:621,0
DA:626,0
DA:637,0
DA:638,0
DA:640,0
DA:641,0
DA:643,0
DA:644,0
DA:645,0
DA:648,0
DA:659,0
DA:674,0
DA:675,0
DA:677,0
DA:679,0
DA:685,0
DA:697,0
DA:698,0
DA:700,0
DA:702,0
DA:710,0
DA:723,0
DA:724,0
DA:726,0
DA:728,0
DA:738,0
DA:750,0
DA:751,0
DA:753,0
DA:754,0
DA:756,0
DA:766,0
DA:778,0
DA:779,0
DA:781,0
DA:782,0
DA:783,0
DA:784,0
DA:786,0
DA:789,0
DA:791,0
DA:795,0
DA:796,0
DA:798,0
DA:799,0
DA:800,0
DA:801,0
DA:803,0
DA:806,0
DA:808,0
DA:813,0
DA:814,0
DA:816,0
DA:818,0
DA:820,0
DA:829,0
DA:830,0
DA:832,0
DA:834,0
DA:844,0
DA:845,0
DA:847,0
DA:848,0
DA:850,0
DA:858,0
DA:859,0
DA:861,0
DA:862,0
DA:864,0
DA:872,0
DA:873,0
DA:875,0
DA:876,0
DA:878,0
DA:886,0
DA:887,0
DA:889,0
DA:890,0
DA:891,0
DA:892,0
DA:893,0
DA:894,0
DA:897,0
DA:899,0
DA:902,0
DA:904,0
DA:908,0
DA:909,0
DA:911,0
DA:912,0
DA:913,0
DA:915,0
DA:916,0
DA:918,0
DA:923,0
DA:924,0
DA:926,0
DA:927,0
DA:929,0
DA:938,0
DA:939,0
DA:941,0
DA:942,0
DA:944,0
DA:954,0
DA:955,0
DA:957,0
DA:958,0
DA:960,0
DA:969,0
DA:970,0
DA:972,0
DA:973,0
DA:975,0
DA:984,0
DA:985,0
DA:987,0
DA:988,0
DA:990,0
DA:1000,0
DA:1001,0
DA:1003,0
DA:1004,0
DA:1005,0
DA:1007,0
DA:1010,0
DA:1013,0
DA:1014,0
DA:1015,0
DA:1016,0
DA:1017,0
DA:1018,0
DA:1019,0
DA:1020,0
DA:1021,0
DA:1025,0
DA:1026,0
DA:1027,0
DA:1028,0
DA:1032,0
DA:1037,0
DA:1042,0
DA:1043,0
DA:1045,0
DA:1046,0
DA:1047,0
DA:1048,0
DA:1050,0
DA:1053,0
DA:1055,0
DA:1056,0
DA:1057,0
DA:1058,0
DA:1060,0
DA:1061,0
DA:1062,0
DA:1064,0
DA:1065,0
DA:1066,0
DA:1067,0
DA:1068,0
DA:1069,0
DA:1070,0
DA:1073,0
DA:1078,0
DA:1083,0
DA:1084,0
DA:1086,0
DA:1087,0
DA:1088,0
DA:1089,0
DA:1091,0
DA:1094,0
DA:1096,0
DA:1097,0
DA:1098,0
DA:1099,0
DA:1100,0
DA:1101,0
DA:1103,0
DA:1104,0
DA:1105,0
DA:1106,0
DA:1108,0
DA:1109,0
DA:1110,0
DA:1113,0
DA:1114,0
DA:1117,0
DA:1122,0
DA:1127,0
DA:1128,0
DA:1130,0
DA:1142,0
DA:1154,0
DA:1155,0
DA:1157,0
DA:1158,0
DA:1159,0
DA:1160,0
DA:1162,0
DA:1165,0
DA:1167,0
DA:1168,0
DA:1171,0
DA:1172,0
DA:1175,0
DA:1176,0
DA:1177,0
DA:1181,0
DA:1182,0
DA:1183,0
DA:1185,0
DA:1189,0
DA:1190,0
DA:1192,0
DA:1193,0
DA:1196,0
DA:1201,0
DA:1206,0
DA:1212,0
DA:1216,0
DA:1217,0
DA:1219,0
DA:1220,0
DA:1221,0
DA:1223,0
DA:1230,0
DA:1247,0
DA:1248,0
DA:1250,0
DA:1251,0
DA:1252,0
DA:1253,0
DA:1255,0
DA:1258,0
DA:1260,0
DA:1264,0
DA:1265,0
DA:1267,0
DA:1268,0
DA:1269,0
DA:1270,0
DA:1272,0
DA:1275,0
DA:1277,0
LF:487
LH:0
BRDA:14,0,0,0
BRDA:14,0,1,0
BRDA:19,1,0,0
BRDA:47,2,0,0
BRDA:75,3,0,0
BRDA:107,4,0,0
BRDA:123,5,0,0
BRDA:139,6,0,0
BRDA:139,6,1,0
BRDA:150,7,0,0
BRDA:164,8,0,0
BRDA:186,9,0,0
BRDA:186,9,1,0
BRDA:196,10,0,0
BRDA:275,11,0,0
BRDA:275,12,0,0
BRDA:275,12,1,0
BRDA:275,12,2,0
BRDA:281,13,0,0
BRDA:290,14,0,0
BRDA:290,14,1,0
BRDA:290,14,2,0
BRDA:290,14,3,0
BRDA:290,14,4,0
BRDA:290,14,5,0
BRDA:290,14,6,0
BRDA:290,14,7,0
BRDA:290,14,8,0
BRDA:290,14,9,0
BRDA:290,14,10,0
BRDA:310,15,0,0
BRDA:310,16,0,0
BRDA:310,16,1,0
BRDA:310,16,2,0
BRDA:329,17,0,0
BRDA:329,18,0,0
BRDA:329,18,1,0
BRDA:334,19,0,0
BRDA:334,19,1,0
BRDA:350,20,0,0
BRDA:357,21,0,0
BRDA:357,21,1,0
BRDA:359,22,0,0
BRDA:359,22,1,0
BRDA:361,23,0,0
BRDA:361,24,0,0
BRDA:361,24,1,0
BRDA:368,25,0,0
BRDA:368,26,0,0
BRDA:368,26,1,0
BRDA:391,27,0,0
BRDA:391,28,0,0
BRDA:391,28,1,0
BRDA:412,29,0,0
BRDA:412,30,0,0
BRDA:412,30,1,0
BRDA:462,31,0,0
BRDA:476,32,0,0
BRDA:483,33,0,0
BRDA:483,33,1,0
BRDA:505,34,0,0
BRDA:522,35,0,0
BRDA:528,36,0,0
BRDA:545,37,0,0
BRDA:560,38,0,0
BRDA:574,39,0,0
BRDA:589,40,0,0
BRDA:597,41,0,0
BRDA:597,41,1,0
BRDA:607,42,0,0
BRDA:638,43,0,0
BRDA:643,44,0,0
BRDA:653,45,0,0
BRDA:653,45,1,0
BRDA:664,46,0,0
BRDA:664,46,1,0
BRDA:665,47,0,0
BRDA:665,47,1,0
BRDA:675,48,0,0
BRDA:698,49,0,0
BRDA:724,50,0,0
BRDA:730,51,0,0
BRDA:730,51,1,0
BRDA:740,52,0,0
BRDA:740,52,1,0
BRDA:751,53,0,0
BRDA:758,54,0,0
BRDA:758,54,1,0
BRDA:768,55,0,0
BRDA:768,55,1,0
BRDA:779,56,0,0
BRDA:787,57,0,0
BRDA:787,57,1,0
BRDA:796,58,0,0
BRDA:804,59,0,0
BRDA:804,59,1,0
BRDA:814,60,0,0
BRDA:823,61,0,0
BRDA:823,61,1,0
BRDA:830,62,0,0
BRDA:845,63,0,0
BRDA:859,64,0,0
BRDA:873,65,0,0
BRDA:887,66,0,0
BRDA:892,67,0,0
BRDA:900,68,0,0
BRDA:900,68,1,0
BRDA:909,69,0,0
BRDA:924,70,0,0
BRDA:939,71,0,0
BRDA:955,72,0,0
BRDA:970,73,0,0
BRDA:985,74,0,0
BRDA:1001,75,0,0
BRDA:1025,76,0,0
BRDA:1043,77,0,0
BRDA:1065,78,0,0
BRDA:1065,78,1,0
BRDA:1084,79,0,0
BRDA:1128,80,0,0
BRDA:1155,81,0,0
BRDA:1167,82,0,0
BRDA:1167,82,1,0
BRDA:1171,83,0,0
BRDA:1171,83,1,0
BRDA:1172,84,0,0
BRDA:1172,84,1,0
BRDA:1181,85,0,0
BRDA:1181,85,1,0
BRDA:1189,86,0,0
BRDA:1189,86,1,0
BRDA:1190,87,0,0
BRDA:1190,87,1,0
BRDA:1212,88,0,0
BRDA:1212,88,1,0
BRDA:1217,89,0,0
BRDA:1224,90,0,0
BRDA:1224,90,1,0
BRDA:1226,91,0,0
BRDA:1226,91,1,0
BRDA:1237,92,0,0
BRDA:1237,92,1,0
BRDA:1238,93,0,0
BRDA:1238,93,1,0
BRDA:1248,94,0,0
BRDA:1256,95,0,0
BRDA:1256,95,1,0
BRDA:1265,96,0,0
BRDA:1273,97,0,0
BRDA:1273,97,1,0
BRF:150
BRH:0
end_of_record
TN:
SF:src/handlers/callbacks.ts
FN:15,buildHostKeyboard
FN:35,buildFeedbackKeyboard
FN:63,handleReveal
FN:115,handleFeedback
FN:152,(anonymous_13)
FN:166,handleRoundNext
FN:194,(anonymous_15)
FN:232,(anonymous_16)
FN:251,handleRoundSkip
FN:265,(anonymous_18)
FN:286,(anonymous_19)
FN:291,handleTimer
FN:297,(anonymous_21)
FN:302,(anonymous_22)
FN:303,(anonymous_23)
FN:304,(anonymous_24)
FN:309,(anonymous_25)
FN:323,handleShowRules
FNF:18
FNH:0
FNDA:0,buildHostKeyboard
FNDA:0,buildFeedbackKeyboard
FNDA:0,handleReveal
FNDA:0,handleFeedback
FNDA:0,(anonymous_13)
FNDA:0,handleRoundNext
FNDA:0,(anonymous_15)
FNDA:0,(anonymous_16)
FNDA:0,handleRoundSkip
FNDA:0,(anonymous_18)
FNDA:0,(anonymous_19)
FNDA:0,handleTimer
FNDA:0,(anonymous_21)
FNDA:0,(anonymous_22)
FNDA:0,(anonymous_23)
FNDA:0,(anonymous_24)
FNDA:0,(anonymous_25)
FNDA:0,handleShowRules
DA:3,0
DA:4,0
DA:5,0
DA:6,0
DA:16,0
DA:36,0
DA:63,0
DA:64,0
DA:65,0
DA:66,0
DA:67,0
DA:70,0
DA:71,0
DA:72,0
DA:73,0
DA:76,0
DA:77,0
DA:78,0
DA:79,0
DA:82,0
DA:88,0
DA:90,0
DA:91,0
DA:92,0
DA:93,0
DA:94,0
DA:95,0
DA:97,0
DA:98,0
DA:100,0
DA:104,0
DA:105,0
DA:109,0
DA:112,0
DA:115,0
DA:116,0
DA:117,0
DA:118,0
DA:119,0
DA:122,0
DA:123,0
DA:124,0
DA:125,0
DA:128,0
DA:129,0
DA:130,0
DA:132,0
DA:133,0
DA:134,0
DA:135,0
DA:136,0
DA:138,0
DA:140,0
DA:141,0
DA:142,0
DA:143,0
DA:144,0
DA:146,0
DA:147,0
DA:150,0
DA:151,0
DA:152,0
DA:153,0
DA:161,0
DA:162,0
DA:166,0
DA:167,0
DA:168,0
DA:169,0
DA:170,0
DA:173,0
DA:174,0
DA:175,0
DA:176,0
DA:179,0
DA:180,0
DA:183,0
DA:184,0
DA:188,0
DA:191,0
DA:193,0
DA:194,0
DA:195,0
DA:197,0
DA:198,0
DA:201,0
DA:204,0
DA:205,0
DA:206,0
DA:207,0
DA:210,0
DA:211,0
DA:217,0
DA:219,0
DA:220,0
DA:222,0
DA:223,0
DA:225,0
DA:231,0
DA:232,0
DA:233,0
DA:236,0
DA:237,0
DA:242,0
DA:243,0
DA:251,0
DA:252,0
DA:253,0
DA:254,0
DA:255,0
DA:258,0
DA:259,0
DA:260,0
DA:261,0
DA:264,0
DA:265,0
DA:268,0
DA:269,0
DA:270,0
DA:273,0
DA:274,0
DA:277,0
DA:283,0
DA:284,0
DA:285,0
DA:286,0
DA:287,0
DA:291,0
DA:292,0
DA:293,0
DA:295,0
DA:296,0
DA:297,0
DA:298,0
DA:301,0
DA:302,0
DA:303,0
DA:304,0
DA:306,0
DA:307,0
DA:308,0
DA:309,0
DA:310,0
DA:312,0
DA:313,0
DA:314,0
DA:315,0
DA:317,0
DA:318,0
DA:323,0
DA:324,0
DA:325,0
LF:152
LH:0
BRDA:18,0,0,0
BRDA:18,0,1,0
BRDA:19,1,0,0
BRDA:19,1,1,0
BRDA:20,2,0,0
BRDA:20,2,1,0
BRDA:21,3,0,0
BRDA:21,3,1,0
BRDA:28,4,0,0
BRDA:28,4,1,0
BRDA:65,5,0,0
BRDA:71,6,0,0
BRDA:77,7,0,0
BRDA:82,8,0,0
BRDA:82,8,1,0
BRDA:90,9,0,0
BRDA:90,9,1,0
BRDA:92,10,0,0
BRDA:93,11,0,0
BRDA:94,12,0,0
BRDA:95,13,0,0
BRDA:100,14,0,0
BRDA:100,14,1,0
BRDA:100,15,0,0
BRDA:100,15,1,0
BRDA:117,16,0,0
BRDA:122,17,0,0
BRDA:122,17,1,0
BRDA:123,18,0,0
BRDA:133,19,0,0
BRDA:136,20,0,0
BRDA:141,21,0,0
BRDA:141,21,1,0
BRDA:143,22,0,0
BRDA:143,23,0,0
BRDA:143,23,1,0
BRDA:146,24,0,0
BRDA:154,25,0,0
BRDA:154,25,1,0
BRDA:157,26,0,0
BRDA:157,26,1,0
BRDA:168,27,0,0
BRDA:174,28,0,0
BRDA:183,29,0,0
BRDA:183,30,0,0
BRDA:183,30,1,0
BRDA:193,31,0,0
BRDA:197,32,0,0
BRDA:205,33,0,0
BRDA:205,33,1,0
BRDA:236,34,0,0
BRDA:236,34,1,0
BRDA:253,35,0,0
BRDA:259,36,0,0
BRDA:265,37,0,0
BRDA:265,37,1,0
BRDA:265,37,2,0
BRDA:265,37,3,0
BRDA:268,38,0,0
BRDA:302,39,0,0
BRDA:302,39,1,0
BRDA:308,40,0,0
BRDA:308,40,1,0
BRDA:314,41,0,0
BRDA:314,41,1,0
BRF:65
BRH:0
end_of_record
TN:
SF:src/handlers/commands.ts
FN:22,handleStart
FN:32,handleRules
FN:52,handlePremium
FN:71,handleHelp
FN:92,handleNewGame
FN:142,handleGenerate
FN:186,handleQuality
FN:202,(anonymous_7)
FN:207,handleRecalc
FNF:9
FNH:0
FNDA:0,handleStart
FNDA:0,handleRules
FNDA:0,handlePremium
FNDA:0,handleHelp
FNDA:0,handleNewGame
FNDA:0,handleGenerate
FNDA:0,handleQuality
FNDA:0,(anonymous_7)
FNDA:0,handleRecalc
DA:3,0
DA:4,0
DA:5,0
DA:6,0
DA:7,0
DA:8,0
DA:10,0
DA:11,0
DA:22,0
DA:23,0
DA:25,0
DA:26,0
DA:28,0
DA:29,0
DA:32,0
DA:33,0
DA:34,0
DA:52,0
DA:53,0
DA:54,0
DA:71,0
DA:72,0
DA:73,0
DA:92,0
DA:93,0
DA:94,0
DA:96,0
DA:98,0
DA:99,0
DA:100,0
DA:102,0
DA:114,0
DA:115,0
DA:116,0
DA:117,0
DA:120,0
DA:122,0
DA:135,0
DA:137,0
DA:138,0
DA:142,0
DA:143,0
DA:144,0
DA:146,0
DA:147,0
DA:149,0
DA:151,0
DA:153,0
DA:154,0
DA:156,0
DA:157,0
DA:158,0
DA:159,0
DA:166,0
DA:167,0
DA:170,0
DA:171,0
DA:172,0
DA:174,0
DA:175,0
DA:176,0
DA:179,0
DA:183,0
DA:186,0
DA:187,0
DA:188,0
DA:190,0
DA:192,0
DA:194,0
DA:202,0
DA:207,0
DA:208,0
DA:209,0
DA:211,0
DA:213,0
DA:214,0
DA:216,0
LF:77
LH:0
BRDA:94,0,0,0
BRDA:144,1,0,0
BRDA:144,2,0,0
BRDA:144,2,1,0
BRDA:146,3,0,0
BRDA:146,3,1,0
BRDA:147,4,0,0
BRDA:147,4,1,0
BRDA:174,5,0,0
BRDA:174,6,0,0
BRDA:174,6,1,0
BRDA:174,6,2,0
BRDA:188,7,0,0
BRDA:188,8,0,0
BRDA:188,8,1,0
BRDA:199,9,0,0
BRDA:199,9,1,0
BRDA:202,10,0,0
BRDA:202,10,1,0
BRDA:209,11,0,0
BRDA:209,12,0,0
BRDA:209,12,1,0
BRF:22
BRH:0
end_of_record
TN:
SF:src/handlers/payments.ts
FN:11,handlePremiumInfo
FN:43,handlePremiumBuy
FN:96,handlePreCheckout
FN:104,handleSuccessfulPayment
FN:115,(anonymous_13)
FNF:5
FNH:0
FNDA:0,handlePremiumInfo
FNDA:0,handlePremiumBuy
FNDA:0,handlePreCheckout
FNDA:0,handleSuccessfulPayment
FNDA:0,(anonymous_13)
DA:11,0
DA:12,0
DA:13,0
DA:15,0
DA:16,0
DA:17,0
DA:18,0
DA:20,0
DA:43,0
DA:44,0
DA:45,0
DA:46,0
DA:47,0
DA:50,0
DA:51,0
DA:52,0
DA:53,0
DA:56,0
DA:57,0
DA:58,0
DA:62,0
DA:63,0
DA:64,0
DA:65,0
DA:66,0
DA:67,0
DA:71,0
DA:72,0
DA:89,0
DA:91,0
DA:92,0
DA:96,0
DA:97,0
DA:98,0
DA:104,0
DA:105,0
DA:106,0
DA:108,0
DA:109,0
DA:110,0
DA:111,0
DA:113,0
DA:114,0
DA:115,0
DA:116,0
LF:45
LH:0
BRDA:13,0,0,0
BRDA:17,1,0,0
BRDA:17,1,1,0
BRDA:18,2,0,0
BRDA:18,2,1,0
BRDA:18,3,0,0
BRDA:18,3,1,0
BRDA:24,4,0,0
BRDA:24,4,1,0
BRDA:27,5,0,0
BRDA:27,5,1,0
BRDA:35,6,0,0
BRDA:35,6,1,0
BRDA:35,7,0,0
BRDA:35,7,1,0
BRDA:45,8,0,0
BRDA:51,9,0,0
BRDA:56,10,0,0
BRDA:62,11,0,0
BRDA:106,12,0,0
BRDA:109,13,0,0
BRF:21
BRH:0
end_of_record
TN:
SF:src/middleware/rate-limit.ts
FN:18,rateLimit
FN:28,(anonymous_1)
FN:37,(anonymous_2)
FNF:3
FNH:0
FNDA:0,rateLimit
FNDA:0,(anonymous_1)
FNDA:0,(anonymous_2)
DA:2,0
DA:18,0
DA:19,0
DA:25,0
DA:28,0
DA:29,0
DA:30,0
DA:31,0
DA:32,0
DA:37,0
DA:38,0
DA:39,0
DA:40,0
DA:41,0
DA:44,0
DA:45,0
DA:48,0
DA:49,0
DA:53,0
DA:54,0
DA:58,0
DA:59,0
DA:60,0
DA:62,0
DA:64,0
DA:68,0
DA:72,0
DA:73,0
DA:80,0
DA:89,0
LF:30
LH:0
BRDA:22,0,0,0
BRDA:23,1,0,0
BRDA:24,2,0,0
BRDA:31,3,0,0
BRDA:39,4,0,0
BRDA:48,5,0,0
BRDA:48,6,0,0
BRDA:48,6,1,0
BRDA:58,7,0,0
BRF:9
BRH:0
end_of_record
TN:
SF:src/middleware/unified-session.ts
FN:8,unifiedSession
FN:9,(anonymous_1)
FNF:2
FNH:0
FNDA:0,unifiedSession
FNDA:0,(anonymous_1)
DA:8,0
DA:9,0
DA:10,0
DA:12,0
DA:13,0
DA:14,0
DA:18,0
DA:19,0
DA:22,0
DA:23,0
DA:24,0
DA:25,0
DA:26,0
DA:27,0
DA:28,0
DA:29,0
DA:30,0
DA:33,0
DA:37,0
DA:38,0
DA:41,0
DA:45,0
DA:46,0
LF:23
LH:0
BRDA:12,0,0,0
BRDA:18,1,0,0
BRDA:18,2,0,0
BRDA:18,2,1,0
BRDA:37,3,0,0
BRDA:37,4,0,0
BRDA:37,4,1,0
BRDA:45,5,0,0
BRDA:45,6,0,0
BRDA:45,6,1,0
BRF:10
BRH:0
end_of_record
TN:
SF:src/stats/collector.ts
FN:51,(anonymous_0)
FN:57,(anonymous_1)
FN:105,(anonymous_2)
FN:124,(anonymous_3)
FN:138,(anonymous_4)
FN:185,(anonymous_5)
FN:305,(anonymous_6)
FN:312,(anonymous_7)
FN:318,(anonymous_8)
FN:322,(anonymous_9)
FN:325,(anonymous_10)
FN:330,(anonymous_11)
FN:333,(anonymous_12)
FN:337,(anonymous_13)
FN:338,(anonymous_14)
FN:357,(anonymous_15)
FN:428,initStatsCollector
FN:433,getStatsCollector
FNF:18
FNH:0
FNDA:0,(anonymous_0)
FNDA:0,(anonymous_1)
FNDA:0,(anonymous_2)
FNDA:0,(anonymous_3)
FNDA:0,(anonymous_4)
FNDA:0,(anonymous_5)
FNDA:0,(anonymous_6)
FNDA:0,(anonymous_7)
FNDA:0,(anonymous_8)
FNDA:0,(anonymous_9)
FNDA:0,(anonymous_10)
FNDA:0,(anonymous_11)
FNDA:0,(anonymous_12)
FNDA:0,(anonymous_13)
FNDA:0,(anonymous_14)
FNDA:0,(anonymous_15)
FNDA:0,initStatsCollector
FNDA:0,getStatsCollector
DA:2,0
DA:47,0
DA:52,0
DA:53,0
DA:54,0
DA:59,0
DA:75,0
DA:91,0
DA:106,0
DA:107,0
DA:112,0
DA:119,0
DA:125,0
DA:126,0
DA:131,0
DA:133,0
DA:143,0
DA:145,0
DA:150,0
DA:151,0
DA:153,0
DA:154,0
DA:155,0
DA:158,0
DA:159,0
DA:160,0
DA:163,0
DA:164,0
DA:165,0
DA:166,0
DA:167,0
DA:171,0
DA:173,0
DA:180,0
DA:186,0
DA:188,0
DA:189,0
DA:193,0
DA:197,0
DA:201,0
DA:206,0
DA:213,0
DA:218,0
DA:224,0
DA:232,0
DA:237,0
DA:244,0
DA:253,0
DA:261,0
DA:271,0
DA:282,0
DA:284,0
DA:306,0
DA:307,0
DA:313,0
DA:314,0
DA:315,0
DA:319,0
DA:320,0
DA:323,0
DA:326,0
DA:330,0
DA:334,0
DA:335,0
DA:337,0
DA:339,0
DA:342,0
DA:351,0
DA:352,0
DA:358,0
DA:359,0
DA:361,0
DA:363,0
DA:372,0
DA:375,0
DA:385,0
DA:388,0
DA:398,0
DA:401,0
DA:411,0
DA:414,0
DA:416,0
DA:419,0
DA:420,0
DA:426,0
DA:428,0
DA:429,0
DA:430,0
DA:433,0
DA:434,0
DA:435,0
DA:437,0
LF:92
LH:0
BRDA:114,0,0,0
BRDA:114,0,1,0
BRDA:115,1,0,0
BRDA:115,1,1,0
BRDA:116,2,0,0
BRDA:116,2,1,0
BRDA:131,3,0,0
BRDA:131,3,1,0
BRDA:131,4,0,0
BRDA:131,4,1,0
BRDA:153,5,0,0
BRDA:158,6,0,0
BRDA:163,7,0,0
BRDA:165,8,0,0
BRDA:165,8,1,0
BRDA:166,9,0,0
BRDA:285,10,0,0
BRDA:285,10,1,0
BRDA:286,11,0,0
BRDA:286,11,1,0
BRDA:287,12,0,0
BRDA:287,12,1,0
BRDA:288,13,0,0
BRDA:288,13,1,0
BRDA:289,14,0,0
BRDA:289,14,1,0
BRDA:291,15,0,0
BRDA:291,15,1,0
BRDA:292,16,0,0
BRDA:292,16,1,0
BRDA:293,17,0,0
BRDA:293,17,1,0
BRDA:294,18,0,0
BRDA:294,18,1,0
BRDA:295,19,0,0
BRDA:295,19,1,0
BRDA:299,20,0,0
BRDA:299,20,1,0
BRDA:300,21,0,0
BRDA:300,21,1,0
BRDA:301,22,0,0
BRDA:301,22,1,0
BRDA:304,23,0,0
BRDA:304,23,1,0
BRDA:310,24,0,0
BRDA:310,24,1,0
BRDA:311,25,0,0
BRDA:311,25,1,0
BRDA:313,26,0,0
BRDA:313,26,1,0
BRDA:313,27,0,0
BRDA:313,27,1,0
BRDA:314,28,0,0
BRDA:319,29,0,0
BRDA:323,30,0,0
BRDA:323,30,1,0
BRDA:330,31,0,0
BRDA:334,32,0,0
BRDA:337,33,0,0
BRDA:337,33,1,0
BRDA:342,34,0,0
BRDA:342,34,1,0
BRDA:357,35,0,0
BRDA:361,36,0,0
BRDA:361,36,1,0
BRDA:361,36,2,0
BRDA:361,36,3,0
BRDA:414,37,0,0
BRDA:434,38,0,0
BRF:69
BRH:0
end_of_record
TN:
SF:src/utils/errors.ts
FN:6,(anonymous_9)
FN:19,(anonymous_10)
FN:25,(anonymous_11)
FN:31,(anonymous_12)
FN:37,(anonymous_13)
FN:43,(anonymous_14)
FN:54,createErrorHandler
FN:55,(anonymous_16)
FN:124,wrapAsync
FN:125,(anonymous_18)
FNF:10
FNH:0
FNDA:0,(anonymous_9)
FNDA:0,(anonymous_10)
FNDA:0,(anonymous_11)
FNDA:0,(anonymous_12)
FNDA:0,(anonymous_13)
FNDA:0,(anonymous_14)
FNDA:0,createErrorHandler
FNDA:0,(anonymous_16)
FNDA:0,wrapAsync
FNDA:0,(anonymous_18)
DA:2,0
DA:3,0
DA:5,0
DA:8,0
DA:9,0
DA:10,0
DA:12,0
DA:13,0
DA:14,0
DA:18,0
DA:20,0
DA:24,0
DA:26,0
DA:30,0
DA:32,0
DA:36,0
DA:38,0
DA:42,0
DA:44,0
DA:54,0
DA:55,0
DA:56,0
DA:63,0
DA:64,0
DA:66,0
DA:67,0
DA:68,0
DA:69,0
DA:81,0
DA:83,0
DA:84,0
DA:86,0
DA:87,0
DA:89,0
DA:90,0
DA:92,0
DA:93,0
DA:95,0
DA:96,0
DA:100,0
DA:101,0
DA:103,0
DA:107,0
DA:108,0
DA:109,0
DA:116,0
DA:118,0
DA:124,0
DA:125,0
DA:126,0
DA:127,0
DA:130,0
DA:131,0
DA:135,0
LF:54
LH:0
BRDA:9,0,0,0
BRDA:10,1,0,0
BRDA:37,2,0,0
BRDA:43,3,0,0
BRDA:63,4,0,0
BRDA:63,4,1,0
BRDA:63,5,0,0
BRDA:63,5,1,0
BRDA:68,6,0,0
BRDA:83,7,0,0
BRDA:84,8,0,0
BRDA:84,8,1,0
BRDA:84,8,2,0
BRDA:84,8,3,0
BRDA:107,9,0,0
BRDA:107,10,0,0
BRDA:107,10,1,0
BRDA:107,10,2,0
BRDA:111,11,0,0
BRDA:111,11,1,0
BRDA:130,12,0,0
BRDA:136,13,0,0
BRDA:136,13,1,0
BRF:23
BRH:0
end_of_record
TN:
SF:src/utils/hash.ts
FN:3,sha256Hex
FNF:1
FNH:0
FNDA:0,sha256Hex
DA:1,0
DA:3,0
DA:4,0
LF:3
LH:0
BRF:0
BRH:0
end_of_record
TN:
SF:src/utils/health.ts
FN:24,(anonymous_0)
FN:29,(anonymous_1)
FN:78,(anonymous_2)
FN:87,(anonymous_3)
FN:112,(anonymous_4)
FNF:5
FNH:0
FNDA:0,(anonymous_0)
FNDA:0,(anonymous_1)
FNDA:0,(anonymous_2)
FNDA:0,(anonymous_3)
FNDA:0,(anonymous_4)
DA:2,0
DA:21,0
DA:22,0
DA:25,0
DA:26,0
DA:30,0
DA:31,0
DA:33,0
DA:35,0
DA:38,0
DA:39,0
DA:40,0
DA:43,0
DA:45,0
DA:47,0
DA:58,0
DA:59,0
DA:79,0
DA:80,0
DA:81,0
DA:83,0
DA:88,0
DA:89,0
DA:90,0
DA:91,0
DA:92,0
DA:94,0
DA:102,0
DA:113,0
DA:114,0
DA:115,0
DA:117,0
LF:32
LH:0
BRDA:45,0,0,0
BRDA:45,0,1,0
BRDA:48,1,0,0
BRDA:48,1,1,0
BRDA:89,2,0,0
BRDA:89,2,1,0
BRDA:90,3,0,0
BRDA:90,3,1,0
BRDA:91,4,0,0
BRDA:91,4,1,0
BRDA:114,5,0,0
BRDA:114,5,1,0
BRF:12
BRH:0
end_of_record
TN:
SF:src/utils/logger.ts
FN:3,(anonymous_0)
FN:22,(anonymous_1)
FN:27,(anonymous_2)
FN:33,(anonymous_3)
FN:37,(anonymous_4)
FN:43,(anonymous_5)
FN:49,(anonymous_6)
FN:55,(anonymous_7)
FN:61,(anonymous_8)
FNF:9
FNH:0
FNDA:0,(anonymous_0)
FNDA:0,(anonymous_1)
FNDA:0,(anonymous_2)
FNDA:0,(anonymous_3)
FNDA:0,(anonymous_4)
FNDA:0,(anonymous_5)
FNDA:0,(anonymous_6)
FNDA:0,(anonymous_7)
FNDA:0,(anonymous_8)
DA:3,0
DA:4,0
DA:5,0
DA:6,0
DA:7,0
DA:23,0
DA:24,0
DA:28,0
DA:29,0
DA:30,0
DA:34,0
DA:38,0
DA:39,0
DA:44,0
DA:45,0
DA:50,0
DA:51,0
DA:56,0
DA:57,0
DA:62,0
DA:71,0
LF:21
LH:0
BRDA:3,0,0,0
BRDA:3,0,1,0
BRDA:23,1,0,0
BRDA:23,1,1,0
BRDA:24,2,0,0
BRDA:24,2,1,0
BRDA:29,3,0,0
BRDA:29,3,1,0
BRDA:38,4,0,0
BRDA:44,5,0,0
BRDA:50,6,0,0
BRDA:56,7,0,0
BRF:12
BRH:0
end_of_record
TN:
SF:src/utils/render.ts
FN:3,renderRoundText
FNF:1
FNH:1
FNDA:3,renderRoundText
DA:3,1
DA:4,3
DA:5,3
DA:6,3
DA:7,3
DA:8,3
DA:9,3
DA:10,3
DA:11,3
LF:9
LH:9
BRDA:7,0,0,2
BRDA:7,0,1,1
BRDA:8,1,0,1
BRDA:8,1,1,2
BRDA:9,2,0,1
BRDA:9,2,1,2
BRDA:10,3,0,1
BRDA:10,3,1,2
BRF:8
BRH:8
end_of_record
TN:
SF:src/utils/telegram-limits.ts
FN:18,validateCallbackData
FN:25,truncateMessage
FN:41,splitLongMessage
FN:74,safeCallbackData
FNF:4
FNH:4
FNDA:4,validateCallbackData
FNDA:2,truncateMessage
FNDA:1,splitLongMessage
FNDA:1,safeCallbackData
DA:5,1
DA:18,1
DA:19,4
DA:25,1
DA:26,2
DA:28,1
DA:29,1
DA:32,1
DA:33,1
DA:35,1
DA:41,1
DA:42,1
DA:44,1
DA:45,1
DA:47,1
DA:48,2
DA:49,1
DA:50,1
DA:54,1
DA:55,1
DA:56,1
DA:58,1
DA:59,0
DA:60,1
DA:61,1
DA:64,1
DA:65,1
DA:68,1
DA:74,1
DA:75,1
DA:77,1
DA:78,0
DA:82,1
DA:83,1
DA:84,1
DA:86,1
DA:87,1
LF:37
LH:35
BRDA:25,0,0,2
BRDA:26,1,0,1
BRDA:33,2,0,0
BRDA:33,2,1,1
BRDA:41,3,0,1
BRDA:42,4,0,0
BRDA:48,5,0,1
BRDA:58,6,0,0
BRDA:58,6,1,1
BRDA:60,7,0,1
BRDA:77,8,0,0
BRF:11
BRH:7
end_of_record
TN:
SF:src/utils/typing.ts
FN:6,withTyping
FN:14,(anonymous_1)
FN:35,Typing
FN:36,(anonymous_3)
FN:43,(anonymous_4)
FN:44,(anonymous_5)
FNF:6
FNH:0
FNDA:0,withTyping
FNDA:0,(anonymous_1)
FNDA:0,Typing
FNDA:0,(anonymous_3)
FNDA:0,(anonymous_4)
FNDA:0,(anonymous_5)
DA:6,0
DA:11,0
DA:14,0
DA:15,0
DA:16,0
DA:22,0
DA:24,0
DA:25,0
DA:28,0
DA:35,0
DA:36,0
DA:41,0
DA:43,0
DA:44,0
DA:47,0
LF:15
LH:0
BRF:0
BRH:0
end_of_record
TN:
SF:src/verification/wiki.ts
FN:7,verifyWithWikipedia
FN:9,(anonymous_1)
FN:11,tryFetch
FN:21,(anonymous_3)
FN:51,(anonymous_4)
FN:52,(anonymous_5)
FNF:6
FNH:0
FNDA:0,verifyWithWikipedia
FNDA:0,(anonymous_1)
FNDA:0,tryFetch
FNDA:0,(anonymous_3)
FNDA:0,(anonymous_4)
FNDA:0,(anonymous_5)
DA:7,0
DA:8,0
DA:9,0
DA:13,0
DA:14,0
DA:15,0
DA:16,0
DA:17,0
DA:19,0
DA:21,0
DA:23,0
DA:26,0
DA:27,0
DA:28,0
DA:29,0
DA:30,0
DA:31,0
DA:32,0
DA:33,0
DA:34,0
DA:37,0
DA:38,0
DA:39,0
DA:40,0
DA:41,0
DA:42,0
DA:43,0
DA:44,0
DA:45,0
DA:46,0
DA:49,0
DA:50,0
DA:51,0
DA:52,0
DA:53,0
DA:55,0
DA:57,0
LF:37
LH:0
BRDA:11,0,0,0
BRDA:11,1,0,0
BRDA:15,2,0,0
BRDA:15,2,1,0
BRDA:16,3,0,0
BRDA:23,4,0,0
BRDA:23,4,1,0
BRDA:28,5,0,0
BRDA:28,6,0,0
BRDA:28,6,1,0
BRDA:30,7,0,0
BRDA:34,8,0,0
BRDA:34,8,1,0
BRDA:37,9,0,0
BRDA:42,10,0,0
BRDA:46,11,0,0
BRDA:46,11,1,0
BRDA:49,12,0,0
BRDA:55,13,0,0
BRDA:55,13,1,0
BRDA:55,14,0,0
BRDA:55,14,1,0
BRF:22
BRH:0
end_of_record
